memory[0]=8454164
memory[1]=8519697
memory[2]=8585234
memory[3]=8650773
memory[4]=8716307
memory[5]=5963779
memory[6]=7143429
memory[7]=7012358
memory[8]=5963779
memory[9]=7143429
memory[10]=17170433
memory[11]=1114113
memory[12]=1179650
memory[13]=2949125
memory[14]=19660801
memory[15]=16842741
memory[16]=25165824
memory[17]=32766
memory[18]=12328
memory[19]=1
memory[20]=0
memory[21]=32768

@@@
state:
	pc 0
	memory:
		mem[ 0 ] 8454164
		mem[ 1 ] 8519697
		mem[ 2 ] 8585234
		mem[ 3 ] 8650773
		mem[ 4 ] 8716307
		mem[ 5 ] 5963779
		mem[ 6 ] 7143429
		mem[ 7 ] 7012358
		mem[ 8 ] 5963779
		mem[ 9 ] 7143429
		mem[ 10 ] 17170433
		mem[ 11 ] 1114113
		mem[ 12 ] 1179650
		mem[ 13 ] 2949125
		mem[ 14 ] 19660801
		mem[ 15 ] 16842741
		mem[ 16 ] 25165824
		mem[ 17 ] 32766
		mem[ 18 ] 12328
		mem[ 19 ] 1
		mem[ 20 ] 0
		mem[ 21 ] 32768
	registers:
		reg[ 0 ] 0
		reg[ 1 ] 0
		reg[ 2 ] 0
		reg[ 3 ] 0
		reg[ 4 ] 0
		reg[ 5 ] 0
		reg[ 6 ] 0
		reg[ 7 ] 0
end state

@@@
state:
	pc 1
	memory:
		mem[ 0 ] 8454164
		mem[ 1 ] 8519697
		mem[ 2 ] 8585234
		mem[ 3 ] 8650773
		mem[ 4 ] 8716307
		mem[ 5 ] 5963779
		mem[ 6 ] 7143429
		mem[ 7 ] 7012358
		mem[ 8 ] 5963779
		mem[ 9 ] 7143429
		mem[ 10 ] 17170433
		mem[ 11 ] 1114113
		mem[ 12 ] 1179650
		mem[ 13 ] 2949125
		mem[ 14 ] 19660801
		mem[ 15 ] 16842741
		mem[ 16 ] 25165824
		mem[ 17 ] 32766
		mem[ 18 ] 12328
		mem[ 19 ] 1
		mem[ 20 ] 0
		mem[ 21 ] 32768
	registers:
		reg[ 0 ] 0
		reg[ 1 ] 0
		reg[ 2 ] 0
		reg[ 3 ] 0
		reg[ 4 ] 0
		reg[ 5 ] 0
		reg[ 6 ] 0
		reg[ 7 ] 0
end state

@@@
state:
	pc 2
	memory:
		mem[ 0 ] 8454164
		mem[ 1 ] 8519697
		mem[ 2 ] 8585234
		mem[ 3 ] 8650773
		mem[ 4 ] 8716307
		mem[ 5 ] 5963779
		mem[ 6 ] 7143429
		mem[ 7 ] 7012358
		mem[ 8 ] 5963779
		mem[ 9 ] 7143429
		mem[ 10 ] 17170433
		mem[ 11 ] 1114113
		mem[ 12 ] 1179650
		mem[ 13 ] 2949125
		mem[ 14 ] 19660801
		mem[ 15 ] 16842741
		mem[ 16 ] 25165824
		mem[ 17 ] 32766
		mem[ 18 ] 12328
		mem[ 19 ] 1
		mem[ 20 ] 0
		mem[ 21 ] 32768
	registers:
		reg[ 0 ] 0
		reg[ 1 ] 0
		reg[ 2 ] 32766
		reg[ 3 ] 0
		reg[ 4 ] 0
		reg[ 5 ] 0
		reg[ 6 ] 0
		reg[ 7 ] 0
end state

@@@
state:
	pc 3
	memory:
		mem[ 0 ] 8454164
		mem[ 1 ] 8519697
		mem[ 2 ] 8585234
		mem[ 3 ] 8650773
		mem[ 4 ] 8716307
		mem[ 5 ] 5963779
		mem[ 6 ] 7143429
		mem[ 7 ] 7012358
		mem[ 8 ] 5963779
		mem[ 9 ] 7143429
		mem[ 10 ] 17170433
		mem[ 11 ] 1114113
		mem[ 12 ] 1179650
		mem[ 13 ] 2949125
		mem[ 14 ] 19660801
		mem[ 15 ] 16842741
		mem[ 16 ] 25165824
		mem[ 17 ] 32766
		mem[ 18 ] 12328
		mem[ 19 ] 1
		mem[ 20 ] 0
		mem[ 21 ] 32768
	registers:
		reg[ 0 ] 0
		reg[ 1 ] 0
		reg[ 2 ] 32766
		reg[ 3 ] 12328
		reg[ 4 ] 0
		reg[ 5 ] 0
		reg[ 6 ] 0
		reg[ 7 ] 0
end state

@@@
state:
	pc 4
	memory:
		mem[ 0 ] 8454164
		mem[ 1 ] 8519697
		mem[ 2 ] 8585234
		mem[ 3 ] 8650773
		mem[ 4 ] 8716307
		mem[ 5 ] 5963779
		mem[ 6 ] 7143429
		mem[ 7 ] 7012358
		mem[ 8 ] 5963779
		mem[ 9 ] 7143429
		mem[ 10 ] 17170433
		mem[ 11 ] 1114113
		mem[ 12 ] 1179650
		mem[ 13 ] 2949125
		mem[ 14 ] 19660801
		mem[ 15 ] 16842741
		mem[ 16 ] 25165824
		mem[ 17 ] 32766
		mem[ 18 ] 12328
		mem[ 19 ] 1
		mem[ 20 ] 0
		mem[ 21 ] 32768
	registers:
		reg[ 0 ] 0
		reg[ 1 ] 0
		reg[ 2 ] 32766
		reg[ 3 ] 12328
		reg[ 4 ] 32768
		reg[ 5 ] 0
		reg[ 6 ] 0
		reg[ 7 ] 0
end state

@@@
state:
	pc 5
	memory:
		mem[ 0 ] 8454164
		mem[ 1 ] 8519697
		mem[ 2 ] 8585234
		mem[ 3 ] 8650773
		mem[ 4 ] 8716307
		mem[ 5 ] 5963779
		mem[ 6 ] 7143429
		mem[ 7 ] 7012358
		mem[ 8 ] 5963779
		mem[ 9 ] 7143429
		mem[ 10 ] 17170433
		mem[ 11 ] 1114113
		mem[ 12 ] 1179650
		mem[ 13 ] 2949125
		mem[ 14 ] 19660801
		mem[ 15 ] 16842741
		mem[ 16 ] 25165824
		mem[ 17 ] 32766
		mem[ 18 ] 12328
		mem[ 19 ] 1
		mem[ 20 ] 0
		mem[ 21 ] 32768
	registers:
		reg[ 0 ] 0
		reg[ 1 ] 0
		reg[ 2 ] 32766
		reg[ 3 ] 12328
		reg[ 4 ] 32768
		reg[ 5 ] 1
		reg[ 6 ] 0
		reg[ 7 ] 0
end state

@@@
state:
	pc 6
	memory:
		mem[ 0 ] 8454164
		mem[ 1 ] 8519697
		mem[ 2 ] 8585234
		mem[ 3 ] 8650773
		mem[ 4 ] 8716307
		mem[ 5 ] 5963779
		mem[ 6 ] 7143429
		mem[ 7 ] 7012358
		mem[ 8 ] 5963779
		mem[ 9 ] 7143429
		mem[ 10 ] 17170433
		mem[ 11 ] 1114113
		mem[ 12 ] 1179650
		mem[ 13 ] 2949125
		mem[ 14 ] 19660801
		mem[ 15 ] 16842741
		mem[ 16 ] 25165824
		mem[ 17 ] 32766
		mem[ 18 ] 12328
		mem[ 19 ] 1
		mem[ 20 ] 0
		mem[ 21 ] 32768
	registers:
		reg[ 0 ] 0
		reg[ 1 ] 0
		reg[ 2 ] 32766
		reg[ 3 ] -12329
		reg[ 4 ] 32768
		reg[ 5 ] 1
		reg[ 6 ] 0
		reg[ 7 ] 0
end state

@@@
state:
	pc 7
	memory:
		mem[ 0 ] 8454164
		mem[ 1 ] 8519697
		mem[ 2 ] 8585234
		mem[ 3 ] 8650773
		mem[ 4 ] 8716307
		mem[ 5 ] 5963779
		mem[ 6 ] 7143429
		mem[ 7 ] 7012358
		mem[ 8 ] 5963779
		mem[ 9 ] 7143429
		mem[ 10 ] 17170433
		mem[ 11 ] 1114113
		mem[ 12 ] 1179650
		mem[ 13 ] 2949125
		mem[ 14 ] 19660801
		mem[ 15 ] 16842741
		mem[ 16 ] 25165824
		mem[ 17 ] 32766
		mem[ 18 ] 12328
		mem[ 19 ] 1
		mem[ 20 ] 0
		mem[ 21 ] 32768
	registers:
		reg[ 0 ] 0
		reg[ 1 ] 0
		reg[ 2 ] 32766
		reg[ 3 ] -12329
		reg[ 4 ] 32768
		reg[ 5 ] -2
		reg[ 6 ] 0
		reg[ 7 ] 0
end state

@@@
state:
	pc 8
	memory:
		mem[ 0 ] 8454164
		mem[ 1 ] 8519697
		mem[ 2 ] 8585234
		mem[ 3 ] 8650773
		mem[ 4 ] 8716307
		mem[ 5 ] 5963779
		mem[ 6 ] 7143429
		mem[ 7 ] 7012358
		mem[ 8 ] 5963779
		mem[ 9 ] 7143429
		mem[ 10 ] 17170433
		mem[ 11 ] 1114113
		mem[ 12 ] 1179650
		mem[ 13 ] 2949125
		mem[ 14 ] 19660801
		mem[ 15 ] 16842741
		mem[ 16 ] 25165824
		mem[ 17 ] 32766
		mem[ 18 ] 12328
		mem[ 19 ] 1
		mem[ 20 ] 0
		mem[ 21 ] 32768
	registers:
		reg[ 0 ] 0
		reg[ 1 ] 0
		reg[ 2 ] 32766
		reg[ 3 ] -12329
		reg[ 4 ] 32768
		reg[ 5 ] -2
		reg[ 6 ] 0
		reg[ 7 ] 0
end state

@@@
state:
	pc 9
	memory:
		mem[ 0 ] 8454164
		mem[ 1 ] 8519697
		mem[ 2 ] 8585234
		mem[ 3 ] 8650773
		mem[ 4 ] 8716307
		mem[ 5 ] 5963779
		mem[ 6 ] 7143429
		mem[ 7 ] 7012358
		mem[ 8 ] 5963779
		mem[ 9 ] 7143429
		mem[ 10 ] 17170433
		mem[ 11 ] 1114113
		mem[ 12 ] 1179650
		mem[ 13 ] 2949125
		mem[ 14 ] 19660801
		mem[ 15 ] 16842741
		mem[ 16 ] 25165824
		mem[ 17 ] 32766
		mem[ 18 ] 12328
		mem[ 19 ] 1
		mem[ 20 ] 0
		mem[ 21 ] 32768
	registers:
		reg[ 0 ] 0
		reg[ 1 ] 0
		reg[ 2 ] 32766
		reg[ 3 ] 12328
		reg[ 4 ] 32768
		reg[ 5 ] -2
		reg[ 6 ] 0
		reg[ 7 ] 0
end state

@@@
state:
	pc 10
	memory:
		mem[ 0 ] 8454164
		mem[ 1 ] 8519697
		mem[ 2 ] 8585234
		mem[ 3 ] 8650773
		mem[ 4 ] 8716307
		mem[ 5 ] 5963779
		mem[ 6 ] 7143429
		mem[ 7 ] 7012358
		mem[ 8 ] 5963779
		mem[ 9 ] 7143429
		mem[ 10 ] 17170433
		mem[ 11 ] 1114113
		mem[ 12 ] 1179650
		mem[ 13 ] 2949125
		mem[ 14 ] 19660801
		mem[ 15 ] 16842741
		mem[ 16 ] 25165824
		mem[ 17 ] 32766
		mem[ 18 ] 12328
		mem[ 19 ] 1
		mem[ 20 ] 0
		mem[ 21 ] 32768
	registers:
		reg[ 0 ] 0
		reg[ 1 ] 0
		reg[ 2 ] 32766
		reg[ 3 ] 12328
		reg[ 4 ] 32768
		reg[ 5 ] 1
		reg[ 6 ] 0
		reg[ 7 ] 0
end state

@@@
state:
	pc 12
	memory:
		mem[ 0 ] 8454164
		mem[ 1 ] 8519697
		mem[ 2 ] 8585234
		mem[ 3 ] 8650773
		mem[ 4 ] 8716307
		mem[ 5 ] 5963779
		mem[ 6 ] 7143429
		mem[ 7 ] 7012358
		mem[ 8 ] 5963779
		mem[ 9 ] 7143429
		mem[ 10 ] 17170433
		mem[ 11 ] 1114113
		mem[ 12 ] 1179650
		mem[ 13 ] 2949125
		mem[ 14 ] 19660801
		mem[ 15 ] 16842741
		mem[ 16 ] 25165824
		mem[ 17 ] 32766
		mem[ 18 ] 12328
		mem[ 19 ] 1
		mem[ 20 ] 0
		mem[ 21 ] 32768
	registers:
		reg[ 0 ] 0
		reg[ 1 ] 0
		reg[ 2 ] 32766
		reg[ 3 ] 12328
		reg[ 4 ] 32768
		reg[ 5 ] 1
		reg[ 6 ] 0
		reg[ 7 ] 0
end state

@@@
state:
	pc 13
	memory:
		mem[ 0 ] 8454164
		mem[ 1 ] 8519697
		mem[ 2 ] 8585234
		mem[ 3 ] 8650773
		mem[ 4 ] 8716307
		mem[ 5 ] 5963779
		mem[ 6 ] 7143429
		mem[ 7 ] 7012358
		mem[ 8 ] 5963779
		mem[ 9 ] 7143429
		mem[ 10 ] 17170433
		mem[ 11 ] 1114113
		mem[ 12 ] 1179650
		mem[ 13 ] 2949125
		mem[ 14 ] 19660801
		mem[ 15 ] 16842741
		mem[ 16 ] 25165824
		mem[ 17 ] 32766
		mem[ 18 ] 12328
		mem[ 19 ] 1
		mem[ 20 ] 0
		mem[ 21 ] 32768
	registers:
		reg[ 0 ] 0
		reg[ 1 ] 0
		reg[ 2 ] 65532
		reg[ 3 ] 12328
		reg[ 4 ] 32768
		reg[ 5 ] 1
		reg[ 6 ] 0
		reg[ 7 ] 0
end state

@@@
state:
	pc 14
	memory:
		mem[ 0 ] 8454164
		mem[ 1 ] 8519697
		mem[ 2 ] 8585234
		mem[ 3 ] 8650773
		mem[ 4 ] 8716307
		mem[ 5 ] 5963779
		mem[ 6 ] 7143429
		mem[ 7 ] 7012358
		mem[ 8 ] 5963779
		mem[ 9 ] 7143429
		mem[ 10 ] 17170433
		mem[ 11 ] 1114113
		mem[ 12 ] 1179650
		mem[ 13 ] 2949125
		mem[ 14 ] 19660801
		mem[ 15 ] 16842741
		mem[ 16 ] 25165824
		mem[ 17 ] 32766
		mem[ 18 ] 12328
		mem[ 19 ] 1
		mem[ 20 ] 0
		mem[ 21 ] 32768
	registers:
		reg[ 0 ] 0
		reg[ 1 ] 0
		reg[ 2 ] 65532
		reg[ 3 ] 12328
		reg[ 4 ] 32768
		reg[ 5 ] 2
		reg[ 6 ] 0
		reg[ 7 ] 0
end state

@@@
state:
	pc 15
	memory:
		mem[ 0 ] 8454164
		mem[ 1 ] 8519697
		mem[ 2 ] 8585234
		mem[ 3 ] 8650773
		mem[ 4 ] 8716307
		mem[ 5 ] 5963779
		mem[ 6 ] 7143429
		mem[ 7 ] 7012358
		mem[ 8 ] 5963779
		mem[ 9 ] 7143429
		mem[ 10 ] 17170433
		mem[ 11 ] 1114113
		mem[ 12 ] 1179650
		mem[ 13 ] 2949125
		mem[ 14 ] 19660801
		mem[ 15 ] 16842741
		mem[ 16 ] 25165824
		mem[ 17 ] 32766
		mem[ 18 ] 12328
		mem[ 19 ] 1
		mem[ 20 ] 0
		mem[ 21 ] 32768
	registers:
		reg[ 0 ] 0
		reg[ 1 ] 0
		reg[ 2 ] 65532
		reg[ 3 ] 12328
		reg[ 4 ] 32768
		reg[ 5 ] 2
		reg[ 6 ] 0
		reg[ 7 ] 0
end state

@@@
state:
	pc 5
	memory:
		mem[ 0 ] 8454164
		mem[ 1 ] 8519697
		mem[ 2 ] 8585234
		mem[ 3 ] 8650773
		mem[ 4 ] 8716307
		mem[ 5 ] 5963779
		mem[ 6 ] 7143429
		mem[ 7 ] 7012358
		mem[ 8 ] 5963779
		mem[ 9 ] 7143429
		mem[ 10 ] 17170433
		mem[ 11 ] 1114113
		mem[ 12 ] 1179650
		mem[ 13 ] 2949125
		mem[ 14 ] 19660801
		mem[ 15 ] 16842741
		mem[ 16 ] 25165824
		mem[ 17 ] 32766
		mem[ 18 ] 12328
		mem[ 19 ] 1
		mem[ 20 ] 0
		mem[ 21 ] 32768
	registers:
		reg[ 0 ] 0
		reg[ 1 ] 0
		reg[ 2 ] 65532
		reg[ 3 ] 12328
		reg[ 4 ] 32768
		reg[ 5 ] 2
		reg[ 6 ] 0
		reg[ 7 ] 0
end state

@@@
state:
	pc 6
	memory:
		mem[ 0 ] 8454164
		mem[ 1 ] 8519697
		mem[ 2 ] 8585234
		mem[ 3 ] 8650773
		mem[ 4 ] 8716307
		mem[ 5 ] 5963779
		mem[ 6 ] 7143429
		mem[ 7 ] 7012358
		mem[ 8 ] 5963779
		mem[ 9 ] 7143429
		mem[ 10 ] 17170433
		mem[ 11 ] 1114113
		mem[ 12 ] 1179650
		mem[ 13 ] 2949125
		mem[ 14 ] 19660801
		mem[ 15 ] 16842741
		mem[ 16 ] 25165824
		mem[ 17 ] 32766
		mem[ 18 ] 12328
		mem[ 19 ] 1
		mem[ 20 ] 0
		mem[ 21 ] 32768
	registers:
		reg[ 0 ] 0
		reg[ 1 ] 0
		reg[ 2 ] 65532
		reg[ 3 ] -12329
		reg[ 4 ] 32768
		reg[ 5 ] 2
		reg[ 6 ] 0
		reg[ 7 ] 0
end state

@@@
state:
	pc 7
	memory:
		mem[ 0 ] 8454164
		mem[ 1 ] 8519697
		mem[ 2 ] 8585234
		mem[ 3 ] 8650773
		mem[ 4 ] 8716307
		mem[ 5 ] 5963779
		mem[ 6 ] 7143429
		mem[ 7 ] 7012358
		mem[ 8 ] 5963779
		mem[ 9 ] 7143429
		mem[ 10 ] 17170433
		mem[ 11 ] 1114113
		mem[ 12 ] 1179650
		mem[ 13 ] 2949125
		mem[ 14 ] 19660801
		mem[ 15 ] 16842741
		mem[ 16 ] 25165824
		mem[ 17 ] 32766
		mem[ 18 ] 12328
		mem[ 19 ] 1
		mem[ 20 ] 0
		mem[ 21 ] 32768
	registers:
		reg[ 0 ] 0
		reg[ 1 ] 0
		reg[ 2 ] 65532
		reg[ 3 ] -12329
		reg[ 4 ] 32768
		reg[ 5 ] -3
		reg[ 6 ] 0
		reg[ 7 ] 0
end state

@@@
state:
	pc 8
	memory:
		mem[ 0 ] 8454164
		mem[ 1 ] 8519697
		mem[ 2 ] 8585234
		mem[ 3 ] 8650773
		mem[ 4 ] 8716307
		mem[ 5 ] 5963779
		mem[ 6 ] 7143429
		mem[ 7 ] 7012358
		mem[ 8 ] 5963779
		mem[ 9 ] 7143429
		mem[ 10 ] 17170433
		mem[ 11 ] 1114113
		mem[ 12 ] 1179650
		mem[ 13 ] 2949125
		mem[ 14 ] 19660801
		mem[ 15 ] 16842741
		mem[ 16 ] 25165824
		mem[ 17 ] 32766
		mem[ 18 ] 12328
		mem[ 19 ] 1
		mem[ 20 ] 0
		mem[ 21 ] 32768
	registers:
		reg[ 0 ] 0
		reg[ 1 ] 0
		reg[ 2 ] 65532
		reg[ 3 ] -12329
		reg[ 4 ] 32768
		reg[ 5 ] -3
		reg[ 6 ] 0
		reg[ 7 ] 0
end state

@@@
state:
	pc 9
	memory:
		mem[ 0 ] 8454164
		mem[ 1 ] 8519697
		mem[ 2 ] 8585234
		mem[ 3 ] 8650773
		mem[ 4 ] 8716307
		mem[ 5 ] 5963779
		mem[ 6 ] 7143429
		mem[ 7 ] 7012358
		mem[ 8 ] 5963779
		mem[ 9 ] 7143429
		mem[ 10 ] 17170433
		mem[ 11 ] 1114113
		mem[ 12 ] 1179650
		mem[ 13 ] 2949125
		mem[ 14 ] 19660801
		mem[ 15 ] 16842741
		mem[ 16 ] 25165824
		mem[ 17 ] 32766
		mem[ 18 ] 12328
		mem[ 19 ] 1
		mem[ 20 ] 0
		mem[ 21 ] 32768
	registers:
		reg[ 0 ] 0
		reg[ 1 ] 0
		reg[ 2 ] 65532
		reg[ 3 ] 12328
		reg[ 4 ] 32768
		reg[ 5 ] -3
		reg[ 6 ] 0
		reg[ 7 ] 0
end state

@@@
state:
	pc 10
	memory:
		mem[ 0 ] 8454164
		mem[ 1 ] 8519697
		mem[ 2 ] 8585234
		mem[ 3 ] 8650773
		mem[ 4 ] 8716307
		mem[ 5 ] 5963779
		mem[ 6 ] 7143429
		mem[ 7 ] 7012358
		mem[ 8 ] 5963779
		mem[ 9 ] 7143429
		mem[ 10 ] 17170433
		mem[ 11 ] 1114113
		mem[ 12 ] 1179650
		mem[ 13 ] 2949125
		mem[ 14 ] 19660801
		mem[ 15 ] 16842741
		mem[ 16 ] 25165824
		mem[ 17 ] 32766
		mem[ 18 ] 12328
		mem[ 19 ] 1
		mem[ 20 ] 0
		mem[ 21 ] 32768
	registers:
		reg[ 0 ] 0
		reg[ 1 ] 0
		reg[ 2 ] 65532
		reg[ 3 ] 12328
		reg[ 4 ] 32768
		reg[ 5 ] 2
		reg[ 6 ] 0
		reg[ 7 ] 0
end state

@@@
state:
	pc 12
	memory:
		mem[ 0 ] 8454164
		mem[ 1 ] 8519697
		mem[ 2 ] 8585234
		mem[ 3 ] 8650773
		mem[ 4 ] 8716307
		mem[ 5 ] 5963779
		mem[ 6 ] 7143429
		mem[ 7 ] 7012358
		mem[ 8 ] 5963779
		mem[ 9 ] 7143429
		mem[ 10 ] 17170433
		mem[ 11 ] 1114113
		mem[ 12 ] 1179650
		mem[ 13 ] 2949125
		mem[ 14 ] 19660801
		mem[ 15 ] 16842741
		mem[ 16 ] 25165824
		mem[ 17 ] 32766
		mem[ 18 ] 12328
		mem[ 19 ] 1
		mem[ 20 ] 0
		mem[ 21 ] 32768
	registers:
		reg[ 0 ] 0
		reg[ 1 ] 0
		reg[ 2 ] 65532
		reg[ 3 ] 12328
		reg[ 4 ] 32768
		reg[ 5 ] 2
		reg[ 6 ] 0
		reg[ 7 ] 0
end state

@@@
state:
	pc 13
	memory:
		mem[ 0 ] 8454164
		mem[ 1 ] 8519697
		mem[ 2 ] 8585234
		mem[ 3 ] 8650773
		mem[ 4 ] 8716307
		mem[ 5 ] 5963779
		mem[ 6 ] 7143429
		mem[ 7 ] 7012358
		mem[ 8 ] 5963779
		mem[ 9 ] 7143429
		mem[ 10 ] 17170433
		mem[ 11 ] 1114113
		mem[ 12 ] 1179650
		mem[ 13 ] 2949125
		mem[ 14 ] 19660801
		mem[ 15 ] 16842741
		mem[ 16 ] 25165824
		mem[ 17 ] 32766
		mem[ 18 ] 12328
		mem[ 19 ] 1
		mem[ 20 ] 0
		mem[ 21 ] 32768
	registers:
		reg[ 0 ] 0
		reg[ 1 ] 0
		reg[ 2 ] 131064
		reg[ 3 ] 12328
		reg[ 4 ] 32768
		reg[ 5 ] 2
		reg[ 6 ] 0
		reg[ 7 ] 0
end state

@@@
state:
	pc 14
	memory:
		mem[ 0 ] 8454164
		mem[ 1 ] 8519697
		mem[ 2 ] 8585234
		mem[ 3 ] 8650773
		mem[ 4 ] 8716307
		mem[ 5 ] 5963779
		mem[ 6 ] 7143429
		mem[ 7 ] 7012358
		mem[ 8 ] 5963779
		mem[ 9 ] 7143429
		mem[ 10 ] 17170433
		mem[ 11 ] 1114113
		mem[ 12 ] 1179650
		mem[ 13 ] 2949125
		mem[ 14 ] 19660801
		mem[ 15 ] 16842741
		mem[ 16 ] 25165824
		mem[ 17 ] 32766
		mem[ 18 ] 12328
		mem[ 19 ] 1
		mem[ 20 ] 0
		mem[ 21 ] 32768
	registers:
		reg[ 0 ] 0
		reg[ 1 ] 0
		reg[ 2 ] 131064
		reg[ 3 ] 12328
		reg[ 4 ] 32768
		reg[ 5 ] 4
		reg[ 6 ] 0
		reg[ 7 ] 0
end state

@@@
state:
	pc 15
	memory:
		mem[ 0 ] 8454164
		mem[ 1 ] 8519697
		mem[ 2 ] 8585234
		mem[ 3 ] 8650773
		mem[ 4 ] 8716307
		mem[ 5 ] 5963779
		mem[ 6 ] 7143429
		mem[ 7 ] 7012358
		mem[ 8 ] 5963779
		mem[ 9 ] 7143429
		mem[ 10 ] 17170433
		mem[ 11 ] 1114113
		mem[ 12 ] 1179650
		mem[ 13 ] 2949125
		mem[ 14 ] 19660801
		mem[ 15 ] 16842741
		mem[ 16 ] 25165824
		mem[ 17 ] 32766
		mem[ 18 ] 12328
		mem[ 19 ] 1
		mem[ 20 ] 0
		mem[ 21 ] 32768
	registers:
		reg[ 0 ] 0
		reg[ 1 ] 0
		reg[ 2 ] 131064
		reg[ 3 ] 12328
		reg[ 4 ] 32768
		reg[ 5 ] 4
		reg[ 6 ] 0
		reg[ 7 ] 0
end state

@@@
state:
	pc 5
	memory:
		mem[ 0 ] 8454164
		mem[ 1 ] 8519697
		mem[ 2 ] 8585234
		mem[ 3 ] 8650773
		mem[ 4 ] 8716307
		mem[ 5 ] 5963779
		mem[ 6 ] 7143429
		mem[ 7 ] 7012358
		mem[ 8 ] 5963779
		mem[ 9 ] 7143429
		mem[ 10 ] 17170433
		mem[ 11 ] 1114113
		mem[ 12 ] 1179650
		mem[ 13 ] 2949125
		mem[ 14 ] 19660801
		mem[ 15 ] 16842741
		mem[ 16 ] 25165824
		mem[ 17 ] 32766
		mem[ 18 ] 12328
		mem[ 19 ] 1
		mem[ 20 ] 0
		mem[ 21 ] 32768
	registers:
		reg[ 0 ] 0
		reg[ 1 ] 0
		reg[ 2 ] 131064
		reg[ 3 ] 12328
		reg[ 4 ] 32768
		reg[ 5 ] 4
		reg[ 6 ] 0
		reg[ 7 ] 0
end state

@@@
state:
	pc 6
	memory:
		mem[ 0 ] 8454164
		mem[ 1 ] 8519697
		mem[ 2 ] 8585234
		mem[ 3 ] 8650773
		mem[ 4 ] 8716307
		mem[ 5 ] 5963779
		mem[ 6 ] 7143429
		mem[ 7 ] 7012358
		mem[ 8 ] 5963779
		mem[ 9 ] 7143429
		mem[ 10 ] 17170433
		mem[ 11 ] 1114113
		mem[ 12 ] 1179650
		mem[ 13 ] 2949125
		mem[ 14 ] 19660801
		mem[ 15 ] 16842741
		mem[ 16 ] 25165824
		mem[ 17 ] 32766
		mem[ 18 ] 12328
		mem[ 19 ] 1
		mem[ 20 ] 0
		mem[ 21 ] 32768
	registers:
		reg[ 0 ] 0
		reg[ 1 ] 0
		reg[ 2 ] 131064
		reg[ 3 ] -12329
		reg[ 4 ] 32768
		reg[ 5 ] 4
		reg[ 6 ] 0
		reg[ 7 ] 0
end state

@@@
state:
	pc 7
	memory:
		mem[ 0 ] 8454164
		mem[ 1 ] 8519697
		mem[ 2 ] 8585234
		mem[ 3 ] 8650773
		mem[ 4 ] 8716307
		mem[ 5 ] 5963779
		mem[ 6 ] 7143429
		mem[ 7 ] 7012358
		mem[ 8 ] 5963779
		mem[ 9 ] 7143429
		mem[ 10 ] 17170433
		mem[ 11 ] 1114113
		mem[ 12 ] 1179650
		mem[ 13 ] 2949125
		mem[ 14 ] 19660801
		mem[ 15 ] 16842741
		mem[ 16 ] 25165824
		mem[ 17 ] 32766
		mem[ 18 ] 12328
		mem[ 19 ] 1
		mem[ 20 ] 0
		mem[ 21 ] 32768
	registers:
		reg[ 0 ] 0
		reg[ 1 ] 0
		reg[ 2 ] 131064
		reg[ 3 ] -12329
		reg[ 4 ] 32768
		reg[ 5 ] -5
		reg[ 6 ] 0
		reg[ 7 ] 0
end state

@@@
state:
	pc 8
	memory:
		mem[ 0 ] 8454164
		mem[ 1 ] 8519697
		mem[ 2 ] 8585234
		mem[ 3 ] 8650773
		mem[ 4 ] 8716307
		mem[ 5 ] 5963779
		mem[ 6 ] 7143429
		mem[ 7 ] 7012358
		mem[ 8 ] 5963779
		mem[ 9 ] 7143429
		mem[ 10 ] 17170433
		mem[ 11 ] 1114113
		mem[ 12 ] 1179650
		mem[ 13 ] 2949125
		mem[ 14 ] 19660801
		mem[ 15 ] 16842741
		mem[ 16 ] 25165824
		mem[ 17 ] 32766
		mem[ 18 ] 12328
		mem[ 19 ] 1
		mem[ 20 ] 0
		mem[ 21 ] 32768
	registers:
		reg[ 0 ] 0
		reg[ 1 ] 0
		reg[ 2 ] 131064
		reg[ 3 ] -12329
		reg[ 4 ] 32768
		reg[ 5 ] -5
		reg[ 6 ] 0
		reg[ 7 ] 0
end state

@@@
state:
	pc 9
	memory:
		mem[ 0 ] 8454164
		mem[ 1 ] 8519697
		mem[ 2 ] 8585234
		mem[ 3 ] 8650773
		mem[ 4 ] 8716307
		mem[ 5 ] 5963779
		mem[ 6 ] 7143429
		mem[ 7 ] 7012358
		mem[ 8 ] 5963779
		mem[ 9 ] 7143429
		mem[ 10 ] 17170433
		mem[ 11 ] 1114113
		mem[ 12 ] 1179650
		mem[ 13 ] 2949125
		mem[ 14 ] 19660801
		mem[ 15 ] 16842741
		mem[ 16 ] 25165824
		mem[ 17 ] 32766
		mem[ 18 ] 12328
		mem[ 19 ] 1
		mem[ 20 ] 0
		mem[ 21 ] 32768
	registers:
		reg[ 0 ] 0
		reg[ 1 ] 0
		reg[ 2 ] 131064
		reg[ 3 ] 12328
		reg[ 4 ] 32768
		reg[ 5 ] -5
		reg[ 6 ] 0
		reg[ 7 ] 0
end state

@@@
state:
	pc 10
	memory:
		mem[ 0 ] 8454164
		mem[ 1 ] 8519697
		mem[ 2 ] 8585234
		mem[ 3 ] 8650773
		mem[ 4 ] 8716307
		mem[ 5 ] 5963779
		mem[ 6 ] 7143429
		mem[ 7 ] 7012358
		mem[ 8 ] 5963779
		mem[ 9 ] 7143429
		mem[ 10 ] 17170433
		mem[ 11 ] 1114113
		mem[ 12 ] 1179650
		mem[ 13 ] 2949125
		mem[ 14 ] 19660801
		mem[ 15 ] 16842741
		mem[ 16 ] 25165824
		mem[ 17 ] 32766
		mem[ 18 ] 12328
		mem[ 19 ] 1
		mem[ 20 ] 0
		mem[ 21 ] 32768
	registers:
		reg[ 0 ] 0
		reg[ 1 ] 0
		reg[ 2 ] 131064
		reg[ 3 ] 12328
		reg[ 4 ] 32768
		reg[ 5 ] 4
		reg[ 6 ] 0
		reg[ 7 ] 0
end state

@@@
state:
	pc 12
	memory:
		mem[ 0 ] 8454164
		mem[ 1 ] 8519697
		mem[ 2 ] 8585234
		mem[ 3 ] 8650773
		mem[ 4 ] 8716307
		mem[ 5 ] 5963779
		mem[ 6 ] 7143429
		mem[ 7 ] 7012358
		mem[ 8 ] 5963779
		mem[ 9 ] 7143429
		mem[ 10 ] 17170433
		mem[ 11 ] 1114113
		mem[ 12 ] 1179650
		mem[ 13 ] 2949125
		mem[ 14 ] 19660801
		mem[ 15 ] 16842741
		mem[ 16 ] 25165824
		mem[ 17 ] 32766
		mem[ 18 ] 12328
		mem[ 19 ] 1
		mem[ 20 ] 0
		mem[ 21 ] 32768
	registers:
		reg[ 0 ] 0
		reg[ 1 ] 0
		reg[ 2 ] 131064
		reg[ 3 ] 12328
		reg[ 4 ] 32768
		reg[ 5 ] 4
		reg[ 6 ] 0
		reg[ 7 ] 0
end state

@@@
state:
	pc 13
	memory:
		mem[ 0 ] 8454164
		mem[ 1 ] 8519697
		mem[ 2 ] 8585234
		mem[ 3 ] 8650773
		mem[ 4 ] 8716307
		mem[ 5 ] 5963779
		mem[ 6 ] 7143429
		mem[ 7 ] 7012358
		mem[ 8 ] 5963779
		mem[ 9 ] 7143429
		mem[ 10 ] 17170433
		mem[ 11 ] 1114113
		mem[ 12 ] 1179650
		mem[ 13 ] 2949125
		mem[ 14 ] 19660801
		mem[ 15 ] 16842741
		mem[ 16 ] 25165824
		mem[ 17 ] 32766
		mem[ 18 ] 12328
		mem[ 19 ] 1
		mem[ 20 ] 0
		mem[ 21 ] 32768
	registers:
		reg[ 0 ] 0
		reg[ 1 ] 0
		reg[ 2 ] 262128
		reg[ 3 ] 12328
		reg[ 4 ] 32768
		reg[ 5 ] 4
		reg[ 6 ] 0
		reg[ 7 ] 0
end state

@@@
state:
	pc 14
	memory:
		mem[ 0 ] 8454164
		mem[ 1 ] 8519697
		mem[ 2 ] 8585234
		mem[ 3 ] 8650773
		mem[ 4 ] 8716307
		mem[ 5 ] 5963779
		mem[ 6 ] 7143429
		mem[ 7 ] 7012358
		mem[ 8 ] 5963779
		mem[ 9 ] 7143429
		mem[ 10 ] 17170433
		mem[ 11 ] 1114113
		mem[ 12 ] 1179650
		mem[ 13 ] 2949125
		mem[ 14 ] 19660801
		mem[ 15 ] 16842741
		mem[ 16 ] 25165824
		mem[ 17 ] 32766
		mem[ 18 ] 12328
		mem[ 19 ] 1
		mem[ 20 ] 0
		mem[ 21 ] 32768
	registers:
		reg[ 0 ] 0
		reg[ 1 ] 0
		reg[ 2 ] 262128
		reg[ 3 ] 12328
		reg[ 4 ] 32768
		reg[ 5 ] 8
		reg[ 6 ] 0
		reg[ 7 ] 0
end state

@@@
state:
	pc 15
	memory:
		mem[ 0 ] 8454164
		mem[ 1 ] 8519697
		mem[ 2 ] 8585234
		mem[ 3 ] 8650773
		mem[ 4 ] 8716307
		mem[ 5 ] 5963779
		mem[ 6 ] 7143429
		mem[ 7 ] 7012358
		mem[ 8 ] 5963779
		mem[ 9 ] 7143429
		mem[ 10 ] 17170433
		mem[ 11 ] 1114113
		mem[ 12 ] 1179650
		mem[ 13 ] 2949125
		mem[ 14 ] 19660801
		mem[ 15 ] 16842741
		mem[ 16 ] 25165824
		mem[ 17 ] 32766
		mem[ 18 ] 12328
		mem[ 19 ] 1
		mem[ 20 ] 0
		mem[ 21 ] 32768
	registers:
		reg[ 0 ] 0
		reg[ 1 ] 0
		reg[ 2 ] 262128
		reg[ 3 ] 12328
		reg[ 4 ] 32768
		reg[ 5 ] 8
		reg[ 6 ] 0
		reg[ 7 ] 0
end state

@@@
state:
	pc 5
	memory:
		mem[ 0 ] 8454164
		mem[ 1 ] 8519697
		mem[ 2 ] 8585234
		mem[ 3 ] 8650773
		mem[ 4 ] 8716307
		mem[ 5 ] 5963779
		mem[ 6 ] 7143429
		mem[ 7 ] 7012358
		mem[ 8 ] 5963779
		mem[ 9 ] 7143429
		mem[ 10 ] 17170433
		mem[ 11 ] 1114113
		mem[ 12 ] 1179650
		mem[ 13 ] 2949125
		mem[ 14 ] 19660801
		mem[ 15 ] 16842741
		mem[ 16 ] 25165824
		mem[ 17 ] 32766
		mem[ 18 ] 12328
		mem[ 19 ] 1
		mem[ 20 ] 0
		mem[ 21 ] 32768
	registers:
		reg[ 0 ] 0
		reg[ 1 ] 0
		reg[ 2 ] 262128
		reg[ 3 ] 12328
		reg[ 4 ] 32768
		reg[ 5 ] 8
		reg[ 6 ] 0
		reg[ 7 ] 0
end state

@@@
state:
	pc 6
	memory:
		mem[ 0 ] 8454164
		mem[ 1 ] 8519697
		mem[ 2 ] 8585234
		mem[ 3 ] 8650773
		mem[ 4 ] 8716307
		mem[ 5 ] 5963779
		mem[ 6 ] 7143429
		mem[ 7 ] 7012358
		mem[ 8 ] 5963779
		mem[ 9 ] 7143429
		mem[ 10 ] 17170433
		mem[ 11 ] 1114113
		mem[ 12 ] 1179650
		mem[ 13 ] 2949125
		mem[ 14 ] 19660801
		mem[ 15 ] 16842741
		mem[ 16 ] 25165824
		mem[ 17 ] 32766
		mem[ 18 ] 12328
		mem[ 19 ] 1
		mem[ 20 ] 0
		mem[ 21 ] 32768
	registers:
		reg[ 0 ] 0
		reg[ 1 ] 0
		reg[ 2 ] 262128
		reg[ 3 ] -12329
		reg[ 4 ] 32768
		reg[ 5 ] 8
		reg[ 6 ] 0
		reg[ 7 ] 0
end state

@@@
state:
	pc 7
	memory:
		mem[ 0 ] 8454164
		mem[ 1 ] 8519697
		mem[ 2 ] 8585234
		mem[ 3 ] 8650773
		mem[ 4 ] 8716307
		mem[ 5 ] 5963779
		mem[ 6 ] 7143429
		mem[ 7 ] 7012358
		mem[ 8 ] 5963779
		mem[ 9 ] 7143429
		mem[ 10 ] 17170433
		mem[ 11 ] 1114113
		mem[ 12 ] 1179650
		mem[ 13 ] 2949125
		mem[ 14 ] 19660801
		mem[ 15 ] 16842741
		mem[ 16 ] 25165824
		mem[ 17 ] 32766
		mem[ 18 ] 12328
		mem[ 19 ] 1
		mem[ 20 ] 0
		mem[ 21 ] 32768
	registers:
		reg[ 0 ] 0
		reg[ 1 ] 0
		reg[ 2 ] 262128
		reg[ 3 ] -12329
		reg[ 4 ] 32768
		reg[ 5 ] -9
		reg[ 6 ] 0
		reg[ 7 ] 0
end state

@@@
state:
	pc 8
	memory:
		mem[ 0 ] 8454164
		mem[ 1 ] 8519697
		mem[ 2 ] 8585234
		mem[ 3 ] 8650773
		mem[ 4 ] 8716307
		mem[ 5 ] 5963779
		mem[ 6 ] 7143429
		mem[ 7 ] 7012358
		mem[ 8 ] 5963779
		mem[ 9 ] 7143429
		mem[ 10 ] 17170433
		mem[ 11 ] 1114113
		mem[ 12 ] 1179650
		mem[ 13 ] 2949125
		mem[ 14 ] 19660801
		mem[ 15 ] 16842741
		mem[ 16 ] 25165824
		mem[ 17 ] 32766
		mem[ 18 ] 12328
		mem[ 19 ] 1
		mem[ 20 ] 0
		mem[ 21 ] 32768
	registers:
		reg[ 0 ] 0
		reg[ 1 ] 0
		reg[ 2 ] 262128
		reg[ 3 ] -12329
		reg[ 4 ] 32768
		reg[ 5 ] -9
		reg[ 6 ] 8
		reg[ 7 ] 0
end state

@@@
state:
	pc 9
	memory:
		mem[ 0 ] 8454164
		mem[ 1 ] 8519697
		mem[ 2 ] 8585234
		mem[ 3 ] 8650773
		mem[ 4 ] 8716307
		mem[ 5 ] 5963779
		mem[ 6 ] 7143429
		mem[ 7 ] 7012358
		mem[ 8 ] 5963779
		mem[ 9 ] 7143429
		mem[ 10 ] 17170433
		mem[ 11 ] 1114113
		mem[ 12 ] 1179650
		mem[ 13 ] 2949125
		mem[ 14 ] 19660801
		mem[ 15 ] 16842741
		mem[ 16 ] 25165824
		mem[ 17 ] 32766
		mem[ 18 ] 12328
		mem[ 19 ] 1
		mem[ 20 ] 0
		mem[ 21 ] 32768
	registers:
		reg[ 0 ] 0
		reg[ 1 ] 0
		reg[ 2 ] 262128
		reg[ 3 ] 12328
		reg[ 4 ] 32768
		reg[ 5 ] -9
		reg[ 6 ] 8
		reg[ 7 ] 0
end state

@@@
state:
	pc 10
	memory:
		mem[ 0 ] 8454164
		mem[ 1 ] 8519697
		mem[ 2 ] 8585234
		mem[ 3 ] 8650773
		mem[ 4 ] 8716307
		mem[ 5 ] 5963779
		mem[ 6 ] 7143429
		mem[ 7 ] 7012358
		mem[ 8 ] 5963779
		mem[ 9 ] 7143429
		mem[ 10 ] 17170433
		mem[ 11 ] 1114113
		mem[ 12 ] 1179650
		mem[ 13 ] 2949125
		mem[ 14 ] 19660801
		mem[ 15 ] 16842741
		mem[ 16 ] 25165824
		mem[ 17 ] 32766
		mem[ 18 ] 12328
		mem[ 19 ] 1
		mem[ 20 ] 0
		mem[ 21 ] 32768
	registers:
		reg[ 0 ] 0
		reg[ 1 ] 0
		reg[ 2 ] 262128
		reg[ 3 ] 12328
		reg[ 4 ] 32768
		reg[ 5 ] 8
		reg[ 6 ] 8
		reg[ 7 ] 0
end state

@@@
state:
	pc 11
	memory:
		mem[ 0 ] 8454164
		mem[ 1 ] 8519697
		mem[ 2 ] 8585234
		mem[ 3 ] 8650773
		mem[ 4 ] 8716307
		mem[ 5 ] 5963779
		mem[ 6 ] 7143429
		mem[ 7 ] 7012358
		mem[ 8 ] 5963779
		mem[ 9 ] 7143429
		mem[ 10 ] 17170433
		mem[ 11 ] 1114113
		mem[ 12 ] 1179650
		mem[ 13 ] 2949125
		mem[ 14 ] 19660801
		mem[ 15 ] 16842741
		mem[ 16 ] 25165824
		mem[ 17 ] 32766
		mem[ 18 ] 12328
		mem[ 19 ] 1
		mem[ 20 ] 0
		mem[ 21 ] 32768
	registers:
		reg[ 0 ] 0
		reg[ 1 ] 0
		reg[ 2 ] 262128
		reg[ 3 ] 12328
		reg[ 4 ] 32768
		reg[ 5 ] 8
		reg[ 6 ] 8
		reg[ 7 ] 0
end state

@@@
state:
	pc 12
	memory:
		mem[ 0 ] 8454164
		mem[ 1 ] 8519697
		mem[ 2 ] 8585234
		mem[ 3 ] 8650773
		mem[ 4 ] 8716307
		mem[ 5 ] 5963779
		mem[ 6 ] 7143429
		mem[ 7 ] 7012358
		mem[ 8 ] 5963779
		mem[ 9 ] 7143429
		mem[ 10 ] 17170433
		mem[ 11 ] 1114113
		mem[ 12 ] 1179650
		mem[ 13 ] 2949125
		mem[ 14 ] 19660801
		mem[ 15 ] 16842741
		mem[ 16 ] 25165824
		mem[ 17 ] 32766
		mem[ 18 ] 12328
		mem[ 19 ] 1
		mem[ 20 ] 0
		mem[ 21 ] 32768
	registers:
		reg[ 0 ] 0
		reg[ 1 ] 262128
		reg[ 2 ] 262128
		reg[ 3 ] 12328
		reg[ 4 ] 32768
		reg[ 5 ] 8
		reg[ 6 ] 8
		reg[ 7 ] 0
end state

@@@
state:
	pc 13
	memory:
		mem[ 0 ] 8454164
		mem[ 1 ] 8519697
		mem[ 2 ] 8585234
		mem[ 3 ] 8650773
		mem[ 4 ] 8716307
		mem[ 5 ] 5963779
		mem[ 6 ] 7143429
		mem[ 7 ] 7012358
		mem[ 8 ] 5963779
		mem[ 9 ] 7143429
		mem[ 10 ] 17170433
		mem[ 11 ] 1114113
		mem[ 12 ] 1179650
		mem[ 13 ] 2949125
		mem[ 14 ] 19660801
		mem[ 15 ] 16842741
		mem[ 16 ] 25165824
		mem[ 17 ] 32766
		mem[ 18 ] 12328
		mem[ 19 ] 1
		mem[ 20 ] 0
		mem[ 21 ] 32768
	registers:
		reg[ 0 ] 0
		reg[ 1 ] 262128
		reg[ 2 ] 524256
		reg[ 3 ] 12328
		reg[ 4 ] 32768
		reg[ 5 ] 8
		reg[ 6 ] 8
		reg[ 7 ] 0
end state

@@@
state:
	pc 14
	memory:
		mem[ 0 ] 8454164
		mem[ 1 ] 8519697
		mem[ 2 ] 8585234
		mem[ 3 ] 8650773
		mem[ 4 ] 8716307
		mem[ 5 ] 5963779
		mem[ 6 ] 7143429
		mem[ 7 ] 7012358
		mem[ 8 ] 5963779
		mem[ 9 ] 7143429
		mem[ 10 ] 17170433
		mem[ 11 ] 1114113
		mem[ 12 ] 1179650
		mem[ 13 ] 2949125
		mem[ 14 ] 19660801
		mem[ 15 ] 16842741
		mem[ 16 ] 25165824
		mem[ 17 ] 32766
		mem[ 18 ] 12328
		mem[ 19 ] 1
		mem[ 20 ] 0
		mem[ 21 ] 32768
	registers:
		reg[ 0 ] 0
		reg[ 1 ] 262128
		reg[ 2 ] 524256
		reg[ 3 ] 12328
		reg[ 4 ] 32768
		reg[ 5 ] 16
		reg[ 6 ] 8
		reg[ 7 ] 0
end state

@@@
state:
	pc 15
	memory:
		mem[ 0 ] 8454164
		mem[ 1 ] 8519697
		mem[ 2 ] 8585234
		mem[ 3 ] 8650773
		mem[ 4 ] 8716307
		mem[ 5 ] 5963779
		mem[ 6 ] 7143429
		mem[ 7 ] 7012358
		mem[ 8 ] 5963779
		mem[ 9 ] 7143429
		mem[ 10 ] 17170433
		mem[ 11 ] 1114113
		mem[ 12 ] 1179650
		mem[ 13 ] 2949125
		mem[ 14 ] 19660801
		mem[ 15 ] 16842741
		mem[ 16 ] 25165824
		mem[ 17 ] 32766
		mem[ 18 ] 12328
		mem[ 19 ] 1
		mem[ 20 ] 0
		mem[ 21 ] 32768
	registers:
		reg[ 0 ] 0
		reg[ 1 ] 262128
		reg[ 2 ] 524256
		reg[ 3 ] 12328
		reg[ 4 ] 32768
		reg[ 5 ] 16
		reg[ 6 ] 8
		reg[ 7 ] 0
end state

@@@
state:
	pc 5
	memory:
		mem[ 0 ] 8454164
		mem[ 1 ] 8519697
		mem[ 2 ] 8585234
		mem[ 3 ] 8650773
		mem[ 4 ] 8716307
		mem[ 5 ] 5963779
		mem[ 6 ] 7143429
		mem[ 7 ] 7012358
		mem[ 8 ] 5963779
		mem[ 9 ] 7143429
		mem[ 10 ] 17170433
		mem[ 11 ] 1114113
		mem[ 12 ] 1179650
		mem[ 13 ] 2949125
		mem[ 14 ] 19660801
		mem[ 15 ] 16842741
		mem[ 16 ] 25165824
		mem[ 17 ] 32766
		mem[ 18 ] 12328
		mem[ 19 ] 1
		mem[ 20 ] 0
		mem[ 21 ] 32768
	registers:
		reg[ 0 ] 0
		reg[ 1 ] 262128
		reg[ 2 ] 524256
		reg[ 3 ] 12328
		reg[ 4 ] 32768
		reg[ 5 ] 16
		reg[ 6 ] 8
		reg[ 7 ] 0
end state

@@@
state:
	pc 6
	memory:
		mem[ 0 ] 8454164
		mem[ 1 ] 8519697
		mem[ 2 ] 8585234
		mem[ 3 ] 8650773
		mem[ 4 ] 8716307
		mem[ 5 ] 5963779
		mem[ 6 ] 7143429
		mem[ 7 ] 7012358
		mem[ 8 ] 5963779
		mem[ 9 ] 7143429
		mem[ 10 ] 17170433
		mem[ 11 ] 1114113
		mem[ 12 ] 1179650
		mem[ 13 ] 2949125
		mem[ 14 ] 19660801
		mem[ 15 ] 16842741
		mem[ 16 ] 25165824
		mem[ 17 ] 32766
		mem[ 18 ] 12328
		mem[ 19 ] 1
		mem[ 20 ] 0
		mem[ 21 ] 32768
	registers:
		reg[ 0 ] 0
		reg[ 1 ] 262128
		reg[ 2 ] 524256
		reg[ 3 ] -12329
		reg[ 4 ] 32768
		reg[ 5 ] 16
		reg[ 6 ] 8
		reg[ 7 ] 0
end state

@@@
state:
	pc 7
	memory:
		mem[ 0 ] 8454164
		mem[ 1 ] 8519697
		mem[ 2 ] 8585234
		mem[ 3 ] 8650773
		mem[ 4 ] 8716307
		mem[ 5 ] 5963779
		mem[ 6 ] 7143429
		mem[ 7 ] 7012358
		mem[ 8 ] 5963779
		mem[ 9 ] 7143429
		mem[ 10 ] 17170433
		mem[ 11 ] 1114113
		mem[ 12 ] 1179650
		mem[ 13 ] 2949125
		mem[ 14 ] 19660801
		mem[ 15 ] 16842741
		mem[ 16 ] 25165824
		mem[ 17 ] 32766
		mem[ 18 ] 12328
		mem[ 19 ] 1
		mem[ 20 ] 0
		mem[ 21 ] 32768
	registers:
		reg[ 0 ] 0
		reg[ 1 ] 262128
		reg[ 2 ] 524256
		reg[ 3 ] -12329
		reg[ 4 ] 32768
		reg[ 5 ] -17
		reg[ 6 ] 8
		reg[ 7 ] 0
end state

@@@
state:
	pc 8
	memory:
		mem[ 0 ] 8454164
		mem[ 1 ] 8519697
		mem[ 2 ] 8585234
		mem[ 3 ] 8650773
		mem[ 4 ] 8716307
		mem[ 5 ] 5963779
		mem[ 6 ] 7143429
		mem[ 7 ] 7012358
		mem[ 8 ] 5963779
		mem[ 9 ] 7143429
		mem[ 10 ] 17170433
		mem[ 11 ] 1114113
		mem[ 12 ] 1179650
		mem[ 13 ] 2949125
		mem[ 14 ] 19660801
		mem[ 15 ] 16842741
		mem[ 16 ] 25165824
		mem[ 17 ] 32766
		mem[ 18 ] 12328
		mem[ 19 ] 1
		mem[ 20 ] 0
		mem[ 21 ] 32768
	registers:
		reg[ 0 ] 0
		reg[ 1 ] 262128
		reg[ 2 ] 524256
		reg[ 3 ] -12329
		reg[ 4 ] 32768
		reg[ 5 ] -17
		reg[ 6 ] 0
		reg[ 7 ] 0
end state

@@@
state:
	pc 9
	memory:
		mem[ 0 ] 8454164
		mem[ 1 ] 8519697
		mem[ 2 ] 8585234
		mem[ 3 ] 8650773
		mem[ 4 ] 8716307
		mem[ 5 ] 5963779
		mem[ 6 ] 7143429
		mem[ 7 ] 7012358
		mem[ 8 ] 5963779
		mem[ 9 ] 7143429
		mem[ 10 ] 17170433
		mem[ 11 ] 1114113
		mem[ 12 ] 1179650
		mem[ 13 ] 2949125
		mem[ 14 ] 19660801
		mem[ 15 ] 16842741
		mem[ 16 ] 25165824
		mem[ 17 ] 32766
		mem[ 18 ] 12328
		mem[ 19 ] 1
		mem[ 20 ] 0
		mem[ 21 ] 32768
	registers:
		reg[ 0 ] 0
		reg[ 1 ] 262128
		reg[ 2 ] 524256
		reg[ 3 ] 12328
		reg[ 4 ] 32768
		reg[ 5 ] -17
		reg[ 6 ] 0
		reg[ 7 ] 0
end state

@@@
state:
	pc 10
	memory:
		mem[ 0 ] 8454164
		mem[ 1 ] 8519697
		mem[ 2 ] 8585234
		mem[ 3 ] 8650773
		mem[ 4 ] 8716307
		mem[ 5 ] 5963779
		mem[ 6 ] 7143429
		mem[ 7 ] 7012358
		mem[ 8 ] 5963779
		mem[ 9 ] 7143429
		mem[ 10 ] 17170433
		mem[ 11 ] 1114113
		mem[ 12 ] 1179650
		mem[ 13 ] 2949125
		mem[ 14 ] 19660801
		mem[ 15 ] 16842741
		mem[ 16 ] 25165824
		mem[ 17 ] 32766
		mem[ 18 ] 12328
		mem[ 19 ] 1
		mem[ 20 ] 0
		mem[ 21 ] 32768
	registers:
		reg[ 0 ] 0
		reg[ 1 ] 262128
		reg[ 2 ] 524256
		reg[ 3 ] 12328
		reg[ 4 ] 32768
		reg[ 5 ] 16
		reg[ 6 ] 0
		reg[ 7 ] 0
end state

@@@
state:
	pc 12
	memory:
		mem[ 0 ] 8454164
		mem[ 1 ] 8519697
		mem[ 2 ] 8585234
		mem[ 3 ] 8650773
		mem[ 4 ] 8716307
		mem[ 5 ] 5963779
		mem[ 6 ] 7143429
		mem[ 7 ] 7012358
		mem[ 8 ] 5963779
		mem[ 9 ] 7143429
		mem[ 10 ] 17170433
		mem[ 11 ] 1114113
		mem[ 12 ] 1179650
		mem[ 13 ] 2949125
		mem[ 14 ] 19660801
		mem[ 15 ] 16842741
		mem[ 16 ] 25165824
		mem[ 17 ] 32766
		mem[ 18 ] 12328
		mem[ 19 ] 1
		mem[ 20 ] 0
		mem[ 21 ] 32768
	registers:
		reg[ 0 ] 0
		reg[ 1 ] 262128
		reg[ 2 ] 524256
		reg[ 3 ] 12328
		reg[ 4 ] 32768
		reg[ 5 ] 16
		reg[ 6 ] 0
		reg[ 7 ] 0
end state

@@@
state:
	pc 13
	memory:
		mem[ 0 ] 8454164
		mem[ 1 ] 8519697
		mem[ 2 ] 8585234
		mem[ 3 ] 8650773
		mem[ 4 ] 8716307
		mem[ 5 ] 5963779
		mem[ 6 ] 7143429
		mem[ 7 ] 7012358
		mem[ 8 ] 5963779
		mem[ 9 ] 7143429
		mem[ 10 ] 17170433
		mem[ 11 ] 1114113
		mem[ 12 ] 1179650
		mem[ 13 ] 2949125
		mem[ 14 ] 19660801
		mem[ 15 ] 16842741
		mem[ 16 ] 25165824
		mem[ 17 ] 32766
		mem[ 18 ] 12328
		mem[ 19 ] 1
		mem[ 20 ] 0
		mem[ 21 ] 32768
	registers:
		reg[ 0 ] 0
		reg[ 1 ] 262128
		reg[ 2 ] 1048512
		reg[ 3 ] 12328
		reg[ 4 ] 32768
		reg[ 5 ] 16
		reg[ 6 ] 0
		reg[ 7 ] 0
end state

@@@
state:
	pc 14
	memory:
		mem[ 0 ] 8454164
		mem[ 1 ] 8519697
		mem[ 2 ] 8585234
		mem[ 3 ] 8650773
		mem[ 4 ] 8716307
		mem[ 5 ] 5963779
		mem[ 6 ] 7143429
		mem[ 7 ] 7012358
		mem[ 8 ] 5963779
		mem[ 9 ] 7143429
		mem[ 10 ] 17170433
		mem[ 11 ] 1114113
		mem[ 12 ] 1179650
		mem[ 13 ] 2949125
		mem[ 14 ] 19660801
		mem[ 15 ] 16842741
		mem[ 16 ] 25165824
		mem[ 17 ] 32766
		mem[ 18 ] 12328
		mem[ 19 ] 1
		mem[ 20 ] 0
		mem[ 21 ] 32768
	registers:
		reg[ 0 ] 0
		reg[ 1 ] 262128
		reg[ 2 ] 1048512
		reg[ 3 ] 12328
		reg[ 4 ] 32768
		reg[ 5 ] 32
		reg[ 6 ] 0
		reg[ 7 ] 0
end state

@@@
state:
	pc 15
	memory:
		mem[ 0 ] 8454164
		mem[ 1 ] 8519697
		mem[ 2 ] 8585234
		mem[ 3 ] 8650773
		mem[ 4 ] 8716307
		mem[ 5 ] 5963779
		mem[ 6 ] 7143429
		mem[ 7 ] 7012358
		mem[ 8 ] 5963779
		mem[ 9 ] 7143429
		mem[ 10 ] 17170433
		mem[ 11 ] 1114113
		mem[ 12 ] 1179650
		mem[ 13 ] 2949125
		mem[ 14 ] 19660801
		mem[ 15 ] 16842741
		mem[ 16 ] 25165824
		mem[ 17 ] 32766
		mem[ 18 ] 12328
		mem[ 19 ] 1
		mem[ 20 ] 0
		mem[ 21 ] 32768
	registers:
		reg[ 0 ] 0
		reg[ 1 ] 262128
		reg[ 2 ] 1048512
		reg[ 3 ] 12328
		reg[ 4 ] 32768
		reg[ 5 ] 32
		reg[ 6 ] 0
		reg[ 7 ] 0
end state

@@@
state:
	pc 5
	memory:
		mem[ 0 ] 8454164
		mem[ 1 ] 8519697
		mem[ 2 ] 8585234
		mem[ 3 ] 8650773
		mem[ 4 ] 8716307
		mem[ 5 ] 5963779
		mem[ 6 ] 7143429
		mem[ 7 ] 7012358
		mem[ 8 ] 5963779
		mem[ 9 ] 7143429
		mem[ 10 ] 17170433
		mem[ 11 ] 1114113
		mem[ 12 ] 1179650
		mem[ 13 ] 2949125
		mem[ 14 ] 19660801
		mem[ 15 ] 16842741
		mem[ 16 ] 25165824
		mem[ 17 ] 32766
		mem[ 18 ] 12328
		mem[ 19 ] 1
		mem[ 20 ] 0
		mem[ 21 ] 32768
	registers:
		reg[ 0 ] 0
		reg[ 1 ] 262128
		reg[ 2 ] 1048512
		reg[ 3 ] 12328
		reg[ 4 ] 32768
		reg[ 5 ] 32
		reg[ 6 ] 0
		reg[ 7 ] 0
end state

@@@
state:
	pc 6
	memory:
		mem[ 0 ] 8454164
		mem[ 1 ] 8519697
		mem[ 2 ] 8585234
		mem[ 3 ] 8650773
		mem[ 4 ] 8716307
		mem[ 5 ] 5963779
		mem[ 6 ] 7143429
		mem[ 7 ] 7012358
		mem[ 8 ] 5963779
		mem[ 9 ] 7143429
		mem[ 10 ] 17170433
		mem[ 11 ] 1114113
		mem[ 12 ] 1179650
		mem[ 13 ] 2949125
		mem[ 14 ] 19660801
		mem[ 15 ] 16842741
		mem[ 16 ] 25165824
		mem[ 17 ] 32766
		mem[ 18 ] 12328
		mem[ 19 ] 1
		mem[ 20 ] 0
		mem[ 21 ] 32768
	registers:
		reg[ 0 ] 0
		reg[ 1 ] 262128
		reg[ 2 ] 1048512
		reg[ 3 ] -12329
		reg[ 4 ] 32768
		reg[ 5 ] 32
		reg[ 6 ] 0
		reg[ 7 ] 0
end state

@@@
state:
	pc 7
	memory:
		mem[ 0 ] 8454164
		mem[ 1 ] 8519697
		mem[ 2 ] 8585234
		mem[ 3 ] 8650773
		mem[ 4 ] 8716307
		mem[ 5 ] 5963779
		mem[ 6 ] 7143429
		mem[ 7 ] 7012358
		mem[ 8 ] 5963779
		mem[ 9 ] 7143429
		mem[ 10 ] 17170433
		mem[ 11 ] 1114113
		mem[ 12 ] 1179650
		mem[ 13 ] 2949125
		mem[ 14 ] 19660801
		mem[ 15 ] 16842741
		mem[ 16 ] 25165824
		mem[ 17 ] 32766
		mem[ 18 ] 12328
		mem[ 19 ] 1
		mem[ 20 ] 0
		mem[ 21 ] 32768
	registers:
		reg[ 0 ] 0
		reg[ 1 ] 262128
		reg[ 2 ] 1048512
		reg[ 3 ] -12329
		reg[ 4 ] 32768
		reg[ 5 ] -33
		reg[ 6 ] 0
		reg[ 7 ] 0
end state

@@@
state:
	pc 8
	memory:
		mem[ 0 ] 8454164
		mem[ 1 ] 8519697
		mem[ 2 ] 8585234
		mem[ 3 ] 8650773
		mem[ 4 ] 8716307
		mem[ 5 ] 5963779
		mem[ 6 ] 7143429
		mem[ 7 ] 7012358
		mem[ 8 ] 5963779
		mem[ 9 ] 7143429
		mem[ 10 ] 17170433
		mem[ 11 ] 1114113
		mem[ 12 ] 1179650
		mem[ 13 ] 2949125
		mem[ 14 ] 19660801
		mem[ 15 ] 16842741
		mem[ 16 ] 25165824
		mem[ 17 ] 32766
		mem[ 18 ] 12328
		mem[ 19 ] 1
		mem[ 20 ] 0
		mem[ 21 ] 32768
	registers:
		reg[ 0 ] 0
		reg[ 1 ] 262128
		reg[ 2 ] 1048512
		reg[ 3 ] -12329
		reg[ 4 ] 32768
		reg[ 5 ] -33
		reg[ 6 ] 32
		reg[ 7 ] 0
end state

@@@
state:
	pc 9
	memory:
		mem[ 0 ] 8454164
		mem[ 1 ] 8519697
		mem[ 2 ] 8585234
		mem[ 3 ] 8650773
		mem[ 4 ] 8716307
		mem[ 5 ] 5963779
		mem[ 6 ] 7143429
		mem[ 7 ] 7012358
		mem[ 8 ] 5963779
		mem[ 9 ] 7143429
		mem[ 10 ] 17170433
		mem[ 11 ] 1114113
		mem[ 12 ] 1179650
		mem[ 13 ] 2949125
		mem[ 14 ] 19660801
		mem[ 15 ] 16842741
		mem[ 16 ] 25165824
		mem[ 17 ] 32766
		mem[ 18 ] 12328
		mem[ 19 ] 1
		mem[ 20 ] 0
		mem[ 21 ] 32768
	registers:
		reg[ 0 ] 0
		reg[ 1 ] 262128
		reg[ 2 ] 1048512
		reg[ 3 ] 12328
		reg[ 4 ] 32768
		reg[ 5 ] -33
		reg[ 6 ] 32
		reg[ 7 ] 0
end state

@@@
state:
	pc 10
	memory:
		mem[ 0 ] 8454164
		mem[ 1 ] 8519697
		mem[ 2 ] 8585234
		mem[ 3 ] 8650773
		mem[ 4 ] 8716307
		mem[ 5 ] 5963779
		mem[ 6 ] 7143429
		mem[ 7 ] 7012358
		mem[ 8 ] 5963779
		mem[ 9 ] 7143429
		mem[ 10 ] 17170433
		mem[ 11 ] 1114113
		mem[ 12 ] 1179650
		mem[ 13 ] 2949125
		mem[ 14 ] 19660801
		mem[ 15 ] 16842741
		mem[ 16 ] 25165824
		mem[ 17 ] 32766
		mem[ 18 ] 12328
		mem[ 19 ] 1
		mem[ 20 ] 0
		mem[ 21 ] 32768
	registers:
		reg[ 0 ] 0
		reg[ 1 ] 262128
		reg[ 2 ] 1048512
		reg[ 3 ] 12328
		reg[ 4 ] 32768
		reg[ 5 ] 32
		reg[ 6 ] 32
		reg[ 7 ] 0
end state

@@@
state:
	pc 11
	memory:
		mem[ 0 ] 8454164
		mem[ 1 ] 8519697
		mem[ 2 ] 8585234
		mem[ 3 ] 8650773
		mem[ 4 ] 8716307
		mem[ 5 ] 5963779
		mem[ 6 ] 7143429
		mem[ 7 ] 7012358
		mem[ 8 ] 5963779
		mem[ 9 ] 7143429
		mem[ 10 ] 17170433
		mem[ 11 ] 1114113
		mem[ 12 ] 1179650
		mem[ 13 ] 2949125
		mem[ 14 ] 19660801
		mem[ 15 ] 16842741
		mem[ 16 ] 25165824
		mem[ 17 ] 32766
		mem[ 18 ] 12328
		mem[ 19 ] 1
		mem[ 20 ] 0
		mem[ 21 ] 32768
	registers:
		reg[ 0 ] 0
		reg[ 1 ] 262128
		reg[ 2 ] 1048512
		reg[ 3 ] 12328
		reg[ 4 ] 32768
		reg[ 5 ] 32
		reg[ 6 ] 32
		reg[ 7 ] 0
end state

@@@
state:
	pc 12
	memory:
		mem[ 0 ] 8454164
		mem[ 1 ] 8519697
		mem[ 2 ] 8585234
		mem[ 3 ] 8650773
		mem[ 4 ] 8716307
		mem[ 5 ] 5963779
		mem[ 6 ] 7143429
		mem[ 7 ] 7012358
		mem[ 8 ] 5963779
		mem[ 9 ] 7143429
		mem[ 10 ] 17170433
		mem[ 11 ] 1114113
		mem[ 12 ] 1179650
		mem[ 13 ] 2949125
		mem[ 14 ] 19660801
		mem[ 15 ] 16842741
		mem[ 16 ] 25165824
		mem[ 17 ] 32766
		mem[ 18 ] 12328
		mem[ 19 ] 1
		mem[ 20 ] 0
		mem[ 21 ] 32768
	registers:
		reg[ 0 ] 0
		reg[ 1 ] 1310640
		reg[ 2 ] 1048512
		reg[ 3 ] 12328
		reg[ 4 ] 32768
		reg[ 5 ] 32
		reg[ 6 ] 32
		reg[ 7 ] 0
end state

@@@
state:
	pc 13
	memory:
		mem[ 0 ] 8454164
		mem[ 1 ] 8519697
		mem[ 2 ] 8585234
		mem[ 3 ] 8650773
		mem[ 4 ] 8716307
		mem[ 5 ] 5963779
		mem[ 6 ] 7143429
		mem[ 7 ] 7012358
		mem[ 8 ] 5963779
		mem[ 9 ] 7143429
		mem[ 10 ] 17170433
		mem[ 11 ] 1114113
		mem[ 12 ] 1179650
		mem[ 13 ] 2949125
		mem[ 14 ] 19660801
		mem[ 15 ] 16842741
		mem[ 16 ] 25165824
		mem[ 17 ] 32766
		mem[ 18 ] 12328
		mem[ 19 ] 1
		mem[ 20 ] 0
		mem[ 21 ] 32768
	registers:
		reg[ 0 ] 0
		reg[ 1 ] 1310640
		reg[ 2 ] 2097024
		reg[ 3 ] 12328
		reg[ 4 ] 32768
		reg[ 5 ] 32
		reg[ 6 ] 32
		reg[ 7 ] 0
end state

@@@
state:
	pc 14
	memory:
		mem[ 0 ] 8454164
		mem[ 1 ] 8519697
		mem[ 2 ] 8585234
		mem[ 3 ] 8650773
		mem[ 4 ] 8716307
		mem[ 5 ] 5963779
		mem[ 6 ] 7143429
		mem[ 7 ] 7012358
		mem[ 8 ] 5963779
		mem[ 9 ] 7143429
		mem[ 10 ] 17170433
		mem[ 11 ] 1114113
		mem[ 12 ] 1179650
		mem[ 13 ] 2949125
		mem[ 14 ] 19660801
		mem[ 15 ] 16842741
		mem[ 16 ] 25165824
		mem[ 17 ] 32766
		mem[ 18 ] 12328
		mem[ 19 ] 1
		mem[ 20 ] 0
		mem[ 21 ] 32768
	registers:
		reg[ 0 ] 0
		reg[ 1 ] 1310640
		reg[ 2 ] 2097024
		reg[ 3 ] 12328
		reg[ 4 ] 32768
		reg[ 5 ] 64
		reg[ 6 ] 32
		reg[ 7 ] 0
end state

@@@
state:
	pc 15
	memory:
		mem[ 0 ] 8454164
		mem[ 1 ] 8519697
		mem[ 2 ] 8585234
		mem[ 3 ] 8650773
		mem[ 4 ] 8716307
		mem[ 5 ] 5963779
		mem[ 6 ] 7143429
		mem[ 7 ] 7012358
		mem[ 8 ] 5963779
		mem[ 9 ] 7143429
		mem[ 10 ] 17170433
		mem[ 11 ] 1114113
		mem[ 12 ] 1179650
		mem[ 13 ] 2949125
		mem[ 14 ] 19660801
		mem[ 15 ] 16842741
		mem[ 16 ] 25165824
		mem[ 17 ] 32766
		mem[ 18 ] 12328
		mem[ 19 ] 1
		mem[ 20 ] 0
		mem[ 21 ] 32768
	registers:
		reg[ 0 ] 0
		reg[ 1 ] 1310640
		reg[ 2 ] 2097024
		reg[ 3 ] 12328
		reg[ 4 ] 32768
		reg[ 5 ] 64
		reg[ 6 ] 32
		reg[ 7 ] 0
end state

@@@
state:
	pc 5
	memory:
		mem[ 0 ] 8454164
		mem[ 1 ] 8519697
		mem[ 2 ] 8585234
		mem[ 3 ] 8650773
		mem[ 4 ] 8716307
		mem[ 5 ] 5963779
		mem[ 6 ] 7143429
		mem[ 7 ] 7012358
		mem[ 8 ] 5963779
		mem[ 9 ] 7143429
		mem[ 10 ] 17170433
		mem[ 11 ] 1114113
		mem[ 12 ] 1179650
		mem[ 13 ] 2949125
		mem[ 14 ] 19660801
		mem[ 15 ] 16842741
		mem[ 16 ] 25165824
		mem[ 17 ] 32766
		mem[ 18 ] 12328
		mem[ 19 ] 1
		mem[ 20 ] 0
		mem[ 21 ] 32768
	registers:
		reg[ 0 ] 0
		reg[ 1 ] 1310640
		reg[ 2 ] 2097024
		reg[ 3 ] 12328
		reg[ 4 ] 32768
		reg[ 5 ] 64
		reg[ 6 ] 32
		reg[ 7 ] 0
end state

@@@
state:
	pc 6
	memory:
		mem[ 0 ] 8454164
		mem[ 1 ] 8519697
		mem[ 2 ] 8585234
		mem[ 3 ] 8650773
		mem[ 4 ] 8716307
		mem[ 5 ] 5963779
		mem[ 6 ] 7143429
		mem[ 7 ] 7012358
		mem[ 8 ] 5963779
		mem[ 9 ] 7143429
		mem[ 10 ] 17170433
		mem[ 11 ] 1114113
		mem[ 12 ] 1179650
		mem[ 13 ] 2949125
		mem[ 14 ] 19660801
		mem[ 15 ] 16842741
		mem[ 16 ] 25165824
		mem[ 17 ] 32766
		mem[ 18 ] 12328
		mem[ 19 ] 1
		mem[ 20 ] 0
		mem[ 21 ] 32768
	registers:
		reg[ 0 ] 0
		reg[ 1 ] 1310640
		reg[ 2 ] 2097024
		reg[ 3 ] -12329
		reg[ 4 ] 32768
		reg[ 5 ] 64
		reg[ 6 ] 32
		reg[ 7 ] 0
end state

@@@
state:
	pc 7
	memory:
		mem[ 0 ] 8454164
		mem[ 1 ] 8519697
		mem[ 2 ] 8585234
		mem[ 3 ] 8650773
		mem[ 4 ] 8716307
		mem[ 5 ] 5963779
		mem[ 6 ] 7143429
		mem[ 7 ] 7012358
		mem[ 8 ] 5963779
		mem[ 9 ] 7143429
		mem[ 10 ] 17170433
		mem[ 11 ] 1114113
		mem[ 12 ] 1179650
		mem[ 13 ] 2949125
		mem[ 14 ] 19660801
		mem[ 15 ] 16842741
		mem[ 16 ] 25165824
		mem[ 17 ] 32766
		mem[ 18 ] 12328
		mem[ 19 ] 1
		mem[ 20 ] 0
		mem[ 21 ] 32768
	registers:
		reg[ 0 ] 0
		reg[ 1 ] 1310640
		reg[ 2 ] 2097024
		reg[ 3 ] -12329
		reg[ 4 ] 32768
		reg[ 5 ] -65
		reg[ 6 ] 32
		reg[ 7 ] 0
end state

@@@
state:
	pc 8
	memory:
		mem[ 0 ] 8454164
		mem[ 1 ] 8519697
		mem[ 2 ] 8585234
		mem[ 3 ] 8650773
		mem[ 4 ] 8716307
		mem[ 5 ] 5963779
		mem[ 6 ] 7143429
		mem[ 7 ] 7012358
		mem[ 8 ] 5963779
		mem[ 9 ] 7143429
		mem[ 10 ] 17170433
		mem[ 11 ] 1114113
		mem[ 12 ] 1179650
		mem[ 13 ] 2949125
		mem[ 14 ] 19660801
		mem[ 15 ] 16842741
		mem[ 16 ] 25165824
		mem[ 17 ] 32766
		mem[ 18 ] 12328
		mem[ 19 ] 1
		mem[ 20 ] 0
		mem[ 21 ] 32768
	registers:
		reg[ 0 ] 0
		reg[ 1 ] 1310640
		reg[ 2 ] 2097024
		reg[ 3 ] -12329
		reg[ 4 ] 32768
		reg[ 5 ] -65
		reg[ 6 ] 0
		reg[ 7 ] 0
end state

@@@
state:
	pc 9
	memory:
		mem[ 0 ] 8454164
		mem[ 1 ] 8519697
		mem[ 2 ] 8585234
		mem[ 3 ] 8650773
		mem[ 4 ] 8716307
		mem[ 5 ] 5963779
		mem[ 6 ] 7143429
		mem[ 7 ] 7012358
		mem[ 8 ] 5963779
		mem[ 9 ] 7143429
		mem[ 10 ] 17170433
		mem[ 11 ] 1114113
		mem[ 12 ] 1179650
		mem[ 13 ] 2949125
		mem[ 14 ] 19660801
		mem[ 15 ] 16842741
		mem[ 16 ] 25165824
		mem[ 17 ] 32766
		mem[ 18 ] 12328
		mem[ 19 ] 1
		mem[ 20 ] 0
		mem[ 21 ] 32768
	registers:
		reg[ 0 ] 0
		reg[ 1 ] 1310640
		reg[ 2 ] 2097024
		reg[ 3 ] 12328
		reg[ 4 ] 32768
		reg[ 5 ] -65
		reg[ 6 ] 0
		reg[ 7 ] 0
end state

@@@
state:
	pc 10
	memory:
		mem[ 0 ] 8454164
		mem[ 1 ] 8519697
		mem[ 2 ] 8585234
		mem[ 3 ] 8650773
		mem[ 4 ] 8716307
		mem[ 5 ] 5963779
		mem[ 6 ] 7143429
		mem[ 7 ] 7012358
		mem[ 8 ] 5963779
		mem[ 9 ] 7143429
		mem[ 10 ] 17170433
		mem[ 11 ] 1114113
		mem[ 12 ] 1179650
		mem[ 13 ] 2949125
		mem[ 14 ] 19660801
		mem[ 15 ] 16842741
		mem[ 16 ] 25165824
		mem[ 17 ] 32766
		mem[ 18 ] 12328
		mem[ 19 ] 1
		mem[ 20 ] 0
		mem[ 21 ] 32768
	registers:
		reg[ 0 ] 0
		reg[ 1 ] 1310640
		reg[ 2 ] 2097024
		reg[ 3 ] 12328
		reg[ 4 ] 32768
		reg[ 5 ] 64
		reg[ 6 ] 0
		reg[ 7 ] 0
end state

@@@
state:
	pc 12
	memory:
		mem[ 0 ] 8454164
		mem[ 1 ] 8519697
		mem[ 2 ] 8585234
		mem[ 3 ] 8650773
		mem[ 4 ] 8716307
		mem[ 5 ] 5963779
		mem[ 6 ] 7143429
		mem[ 7 ] 7012358
		mem[ 8 ] 5963779
		mem[ 9 ] 7143429
		mem[ 10 ] 17170433
		mem[ 11 ] 1114113
		mem[ 12 ] 1179650
		mem[ 13 ] 2949125
		mem[ 14 ] 19660801
		mem[ 15 ] 16842741
		mem[ 16 ] 25165824
		mem[ 17 ] 32766
		mem[ 18 ] 12328
		mem[ 19 ] 1
		mem[ 20 ] 0
		mem[ 21 ] 32768
	registers:
		reg[ 0 ] 0
		reg[ 1 ] 1310640
		reg[ 2 ] 2097024
		reg[ 3 ] 12328
		reg[ 4 ] 32768
		reg[ 5 ] 64
		reg[ 6 ] 0
		reg[ 7 ] 0
end state

@@@
state:
	pc 13
	memory:
		mem[ 0 ] 8454164
		mem[ 1 ] 8519697
		mem[ 2 ] 8585234
		mem[ 3 ] 8650773
		mem[ 4 ] 8716307
		mem[ 5 ] 5963779
		mem[ 6 ] 7143429
		mem[ 7 ] 7012358
		mem[ 8 ] 5963779
		mem[ 9 ] 7143429
		mem[ 10 ] 17170433
		mem[ 11 ] 1114113
		mem[ 12 ] 1179650
		mem[ 13 ] 2949125
		mem[ 14 ] 19660801
		mem[ 15 ] 16842741
		mem[ 16 ] 25165824
		mem[ 17 ] 32766
		mem[ 18 ] 12328
		mem[ 19 ] 1
		mem[ 20 ] 0
		mem[ 21 ] 32768
	registers:
		reg[ 0 ] 0
		reg[ 1 ] 1310640
		reg[ 2 ] 4194048
		reg[ 3 ] 12328
		reg[ 4 ] 32768
		reg[ 5 ] 64
		reg[ 6 ] 0
		reg[ 7 ] 0
end state

@@@
state:
	pc 14
	memory:
		mem[ 0 ] 8454164
		mem[ 1 ] 8519697
		mem[ 2 ] 8585234
		mem[ 3 ] 8650773
		mem[ 4 ] 8716307
		mem[ 5 ] 5963779
		mem[ 6 ] 7143429
		mem[ 7 ] 7012358
		mem[ 8 ] 5963779
		mem[ 9 ] 7143429
		mem[ 10 ] 17170433
		mem[ 11 ] 1114113
		mem[ 12 ] 1179650
		mem[ 13 ] 2949125
		mem[ 14 ] 19660801
		mem[ 15 ] 16842741
		mem[ 16 ] 25165824
		mem[ 17 ] 32766
		mem[ 18 ] 12328
		mem[ 19 ] 1
		mem[ 20 ] 0
		mem[ 21 ] 32768
	registers:
		reg[ 0 ] 0
		reg[ 1 ] 1310640
		reg[ 2 ] 4194048
		reg[ 3 ] 12328
		reg[ 4 ] 32768
		reg[ 5 ] 128
		reg[ 6 ] 0
		reg[ 7 ] 0
end state

@@@
state:
	pc 15
	memory:
		mem[ 0 ] 8454164
		mem[ 1 ] 8519697
		mem[ 2 ] 8585234
		mem[ 3 ] 8650773
		mem[ 4 ] 8716307
		mem[ 5 ] 5963779
		mem[ 6 ] 7143429
		mem[ 7 ] 7012358
		mem[ 8 ] 5963779
		mem[ 9 ] 7143429
		mem[ 10 ] 17170433
		mem[ 11 ] 1114113
		mem[ 12 ] 1179650
		mem[ 13 ] 2949125
		mem[ 14 ] 19660801
		mem[ 15 ] 16842741
		mem[ 16 ] 25165824
		mem[ 17 ] 32766
		mem[ 18 ] 12328
		mem[ 19 ] 1
		mem[ 20 ] 0
		mem[ 21 ] 32768
	registers:
		reg[ 0 ] 0
		reg[ 1 ] 1310640
		reg[ 2 ] 4194048
		reg[ 3 ] 12328
		reg[ 4 ] 32768
		reg[ 5 ] 128
		reg[ 6 ] 0
		reg[ 7 ] 0
end state

@@@
state:
	pc 5
	memory:
		mem[ 0 ] 8454164
		mem[ 1 ] 8519697
		mem[ 2 ] 8585234
		mem[ 3 ] 8650773
		mem[ 4 ] 8716307
		mem[ 5 ] 5963779
		mem[ 6 ] 7143429
		mem[ 7 ] 7012358
		mem[ 8 ] 5963779
		mem[ 9 ] 7143429
		mem[ 10 ] 17170433
		mem[ 11 ] 1114113
		mem[ 12 ] 1179650
		mem[ 13 ] 2949125
		mem[ 14 ] 19660801
		mem[ 15 ] 16842741
		mem[ 16 ] 25165824
		mem[ 17 ] 32766
		mem[ 18 ] 12328
		mem[ 19 ] 1
		mem[ 20 ] 0
		mem[ 21 ] 32768
	registers:
		reg[ 0 ] 0
		reg[ 1 ] 1310640
		reg[ 2 ] 4194048
		reg[ 3 ] 12328
		reg[ 4 ] 32768
		reg[ 5 ] 128
		reg[ 6 ] 0
		reg[ 7 ] 0
end state

@@@
state:
	pc 6
	memory:
		mem[ 0 ] 8454164
		mem[ 1 ] 8519697
		mem[ 2 ] 8585234
		mem[ 3 ] 8650773
		mem[ 4 ] 8716307
		mem[ 5 ] 5963779
		mem[ 6 ] 7143429
		mem[ 7 ] 7012358
		mem[ 8 ] 5963779
		mem[ 9 ] 7143429
		mem[ 10 ] 17170433
		mem[ 11 ] 1114113
		mem[ 12 ] 1179650
		mem[ 13 ] 2949125
		mem[ 14 ] 19660801
		mem[ 15 ] 16842741
		mem[ 16 ] 25165824
		mem[ 17 ] 32766
		mem[ 18 ] 12328
		mem[ 19 ] 1
		mem[ 20 ] 0
		mem[ 21 ] 32768
	registers:
		reg[ 0 ] 0
		reg[ 1 ] 1310640
		reg[ 2 ] 4194048
		reg[ 3 ] -12329
		reg[ 4 ] 32768
		reg[ 5 ] 128
		reg[ 6 ] 0
		reg[ 7 ] 0
end state

@@@
state:
	pc 7
	memory:
		mem[ 0 ] 8454164
		mem[ 1 ] 8519697
		mem[ 2 ] 8585234
		mem[ 3 ] 8650773
		mem[ 4 ] 8716307
		mem[ 5 ] 5963779
		mem[ 6 ] 7143429
		mem[ 7 ] 7012358
		mem[ 8 ] 5963779
		mem[ 9 ] 7143429
		mem[ 10 ] 17170433
		mem[ 11 ] 1114113
		mem[ 12 ] 1179650
		mem[ 13 ] 2949125
		mem[ 14 ] 19660801
		mem[ 15 ] 16842741
		mem[ 16 ] 25165824
		mem[ 17 ] 32766
		mem[ 18 ] 12328
		mem[ 19 ] 1
		mem[ 20 ] 0
		mem[ 21 ] 32768
	registers:
		reg[ 0 ] 0
		reg[ 1 ] 1310640
		reg[ 2 ] 4194048
		reg[ 3 ] -12329
		reg[ 4 ] 32768
		reg[ 5 ] -129
		reg[ 6 ] 0
		reg[ 7 ] 0
end state

@@@
state:
	pc 8
	memory:
		mem[ 0 ] 8454164
		mem[ 1 ] 8519697
		mem[ 2 ] 8585234
		mem[ 3 ] 8650773
		mem[ 4 ] 8716307
		mem[ 5 ] 5963779
		mem[ 6 ] 7143429
		mem[ 7 ] 7012358
		mem[ 8 ] 5963779
		mem[ 9 ] 7143429
		mem[ 10 ] 17170433
		mem[ 11 ] 1114113
		mem[ 12 ] 1179650
		mem[ 13 ] 2949125
		mem[ 14 ] 19660801
		mem[ 15 ] 16842741
		mem[ 16 ] 25165824
		mem[ 17 ] 32766
		mem[ 18 ] 12328
		mem[ 19 ] 1
		mem[ 20 ] 0
		mem[ 21 ] 32768
	registers:
		reg[ 0 ] 0
		reg[ 1 ] 1310640
		reg[ 2 ] 4194048
		reg[ 3 ] -12329
		reg[ 4 ] 32768
		reg[ 5 ] -129
		reg[ 6 ] 0
		reg[ 7 ] 0
end state

@@@
state:
	pc 9
	memory:
		mem[ 0 ] 8454164
		mem[ 1 ] 8519697
		mem[ 2 ] 8585234
		mem[ 3 ] 8650773
		mem[ 4 ] 8716307
		mem[ 5 ] 5963779
		mem[ 6 ] 7143429
		mem[ 7 ] 7012358
		mem[ 8 ] 5963779
		mem[ 9 ] 7143429
		mem[ 10 ] 17170433
		mem[ 11 ] 1114113
		mem[ 12 ] 1179650
		mem[ 13 ] 2949125
		mem[ 14 ] 19660801
		mem[ 15 ] 16842741
		mem[ 16 ] 25165824
		mem[ 17 ] 32766
		mem[ 18 ] 12328
		mem[ 19 ] 1
		mem[ 20 ] 0
		mem[ 21 ] 32768
	registers:
		reg[ 0 ] 0
		reg[ 1 ] 1310640
		reg[ 2 ] 4194048
		reg[ 3 ] 12328
		reg[ 4 ] 32768
		reg[ 5 ] -129
		reg[ 6 ] 0
		reg[ 7 ] 0
end state

@@@
state:
	pc 10
	memory:
		mem[ 0 ] 8454164
		mem[ 1 ] 8519697
		mem[ 2 ] 8585234
		mem[ 3 ] 8650773
		mem[ 4 ] 8716307
		mem[ 5 ] 5963779
		mem[ 6 ] 7143429
		mem[ 7 ] 7012358
		mem[ 8 ] 5963779
		mem[ 9 ] 7143429
		mem[ 10 ] 17170433
		mem[ 11 ] 1114113
		mem[ 12 ] 1179650
		mem[ 13 ] 2949125
		mem[ 14 ] 19660801
		mem[ 15 ] 16842741
		mem[ 16 ] 25165824
		mem[ 17 ] 32766
		mem[ 18 ] 12328
		mem[ 19 ] 1
		mem[ 20 ] 0
		mem[ 21 ] 32768
	registers:
		reg[ 0 ] 0
		reg[ 1 ] 1310640
		reg[ 2 ] 4194048
		reg[ 3 ] 12328
		reg[ 4 ] 32768
		reg[ 5 ] 128
		reg[ 6 ] 0
		reg[ 7 ] 0
end state

@@@
state:
	pc 12
	memory:
		mem[ 0 ] 8454164
		mem[ 1 ] 8519697
		mem[ 2 ] 8585234
		mem[ 3 ] 8650773
		mem[ 4 ] 8716307
		mem[ 5 ] 5963779
		mem[ 6 ] 7143429
		mem[ 7 ] 7012358
		mem[ 8 ] 5963779
		mem[ 9 ] 7143429
		mem[ 10 ] 17170433
		mem[ 11 ] 1114113
		mem[ 12 ] 1179650
		mem[ 13 ] 2949125
		mem[ 14 ] 19660801
		mem[ 15 ] 16842741
		mem[ 16 ] 25165824
		mem[ 17 ] 32766
		mem[ 18 ] 12328
		mem[ 19 ] 1
		mem[ 20 ] 0
		mem[ 21 ] 32768
	registers:
		reg[ 0 ] 0
		reg[ 1 ] 1310640
		reg[ 2 ] 4194048
		reg[ 3 ] 12328
		reg[ 4 ] 32768
		reg[ 5 ] 128
		reg[ 6 ] 0
		reg[ 7 ] 0
end state

@@@
state:
	pc 13
	memory:
		mem[ 0 ] 8454164
		mem[ 1 ] 8519697
		mem[ 2 ] 8585234
		mem[ 3 ] 8650773
		mem[ 4 ] 8716307
		mem[ 5 ] 5963779
		mem[ 6 ] 7143429
		mem[ 7 ] 7012358
		mem[ 8 ] 5963779
		mem[ 9 ] 7143429
		mem[ 10 ] 17170433
		mem[ 11 ] 1114113
		mem[ 12 ] 1179650
		mem[ 13 ] 2949125
		mem[ 14 ] 19660801
		mem[ 15 ] 16842741
		mem[ 16 ] 25165824
		mem[ 17 ] 32766
		mem[ 18 ] 12328
		mem[ 19 ] 1
		mem[ 20 ] 0
		mem[ 21 ] 32768
	registers:
		reg[ 0 ] 0
		reg[ 1 ] 1310640
		reg[ 2 ] 8388096
		reg[ 3 ] 12328
		reg[ 4 ] 32768
		reg[ 5 ] 128
		reg[ 6 ] 0
		reg[ 7 ] 0
end state

@@@
state:
	pc 14
	memory:
		mem[ 0 ] 8454164
		mem[ 1 ] 8519697
		mem[ 2 ] 8585234
		mem[ 3 ] 8650773
		mem[ 4 ] 8716307
		mem[ 5 ] 5963779
		mem[ 6 ] 7143429
		mem[ 7 ] 7012358
		mem[ 8 ] 5963779
		mem[ 9 ] 7143429
		mem[ 10 ] 17170433
		mem[ 11 ] 1114113
		mem[ 12 ] 1179650
		mem[ 13 ] 2949125
		mem[ 14 ] 19660801
		mem[ 15 ] 16842741
		mem[ 16 ] 25165824
		mem[ 17 ] 32766
		mem[ 18 ] 12328
		mem[ 19 ] 1
		mem[ 20 ] 0
		mem[ 21 ] 32768
	registers:
		reg[ 0 ] 0
		reg[ 1 ] 1310640
		reg[ 2 ] 8388096
		reg[ 3 ] 12328
		reg[ 4 ] 32768
		reg[ 5 ] 256
		reg[ 6 ] 0
		reg[ 7 ] 0
end state

@@@
state:
	pc 15
	memory:
		mem[ 0 ] 8454164
		mem[ 1 ] 8519697
		mem[ 2 ] 8585234
		mem[ 3 ] 8650773
		mem[ 4 ] 8716307
		mem[ 5 ] 5963779
		mem[ 6 ] 7143429
		mem[ 7 ] 7012358
		mem[ 8 ] 5963779
		mem[ 9 ] 7143429
		mem[ 10 ] 17170433
		mem[ 11 ] 1114113
		mem[ 12 ] 1179650
		mem[ 13 ] 2949125
		mem[ 14 ] 19660801
		mem[ 15 ] 16842741
		mem[ 16 ] 25165824
		mem[ 17 ] 32766
		mem[ 18 ] 12328
		mem[ 19 ] 1
		mem[ 20 ] 0
		mem[ 21 ] 32768
	registers:
		reg[ 0 ] 0
		reg[ 1 ] 1310640
		reg[ 2 ] 8388096
		reg[ 3 ] 12328
		reg[ 4 ] 32768
		reg[ 5 ] 256
		reg[ 6 ] 0
		reg[ 7 ] 0
end state

@@@
state:
	pc 5
	memory:
		mem[ 0 ] 8454164
		mem[ 1 ] 8519697
		mem[ 2 ] 8585234
		mem[ 3 ] 8650773
		mem[ 4 ] 8716307
		mem[ 5 ] 5963779
		mem[ 6 ] 7143429
		mem[ 7 ] 7012358
		mem[ 8 ] 5963779
		mem[ 9 ] 7143429
		mem[ 10 ] 17170433
		mem[ 11 ] 1114113
		mem[ 12 ] 1179650
		mem[ 13 ] 2949125
		mem[ 14 ] 19660801
		mem[ 15 ] 16842741
		mem[ 16 ] 25165824
		mem[ 17 ] 32766
		mem[ 18 ] 12328
		mem[ 19 ] 1
		mem[ 20 ] 0
		mem[ 21 ] 32768
	registers:
		reg[ 0 ] 0
		reg[ 1 ] 1310640
		reg[ 2 ] 8388096
		reg[ 3 ] 12328
		reg[ 4 ] 32768
		reg[ 5 ] 256
		reg[ 6 ] 0
		reg[ 7 ] 0
end state

@@@
state:
	pc 6
	memory:
		mem[ 0 ] 8454164
		mem[ 1 ] 8519697
		mem[ 2 ] 8585234
		mem[ 3 ] 8650773
		mem[ 4 ] 8716307
		mem[ 5 ] 5963779
		mem[ 6 ] 7143429
		mem[ 7 ] 7012358
		mem[ 8 ] 5963779
		mem[ 9 ] 7143429
		mem[ 10 ] 17170433
		mem[ 11 ] 1114113
		mem[ 12 ] 1179650
		mem[ 13 ] 2949125
		mem[ 14 ] 19660801
		mem[ 15 ] 16842741
		mem[ 16 ] 25165824
		mem[ 17 ] 32766
		mem[ 18 ] 12328
		mem[ 19 ] 1
		mem[ 20 ] 0
		mem[ 21 ] 32768
	registers:
		reg[ 0 ] 0
		reg[ 1 ] 1310640
		reg[ 2 ] 8388096
		reg[ 3 ] -12329
		reg[ 4 ] 32768
		reg[ 5 ] 256
		reg[ 6 ] 0
		reg[ 7 ] 0
end state

@@@
state:
	pc 7
	memory:
		mem[ 0 ] 8454164
		mem[ 1 ] 8519697
		mem[ 2 ] 8585234
		mem[ 3 ] 8650773
		mem[ 4 ] 8716307
		mem[ 5 ] 5963779
		mem[ 6 ] 7143429
		mem[ 7 ] 7012358
		mem[ 8 ] 5963779
		mem[ 9 ] 7143429
		mem[ 10 ] 17170433
		mem[ 11 ] 1114113
		mem[ 12 ] 1179650
		mem[ 13 ] 2949125
		mem[ 14 ] 19660801
		mem[ 15 ] 16842741
		mem[ 16 ] 25165824
		mem[ 17 ] 32766
		mem[ 18 ] 12328
		mem[ 19 ] 1
		mem[ 20 ] 0
		mem[ 21 ] 32768
	registers:
		reg[ 0 ] 0
		reg[ 1 ] 1310640
		reg[ 2 ] 8388096
		reg[ 3 ] -12329
		reg[ 4 ] 32768
		reg[ 5 ] -257
		reg[ 6 ] 0
		reg[ 7 ] 0
end state

@@@
state:
	pc 8
	memory:
		mem[ 0 ] 8454164
		mem[ 1 ] 8519697
		mem[ 2 ] 8585234
		mem[ 3 ] 8650773
		mem[ 4 ] 8716307
		mem[ 5 ] 5963779
		mem[ 6 ] 7143429
		mem[ 7 ] 7012358
		mem[ 8 ] 5963779
		mem[ 9 ] 7143429
		mem[ 10 ] 17170433
		mem[ 11 ] 1114113
		mem[ 12 ] 1179650
		mem[ 13 ] 2949125
		mem[ 14 ] 19660801
		mem[ 15 ] 16842741
		mem[ 16 ] 25165824
		mem[ 17 ] 32766
		mem[ 18 ] 12328
		mem[ 19 ] 1
		mem[ 20 ] 0
		mem[ 21 ] 32768
	registers:
		reg[ 0 ] 0
		reg[ 1 ] 1310640
		reg[ 2 ] 8388096
		reg[ 3 ] -12329
		reg[ 4 ] 32768
		reg[ 5 ] -257
		reg[ 6 ] 0
		reg[ 7 ] 0
end state

@@@
state:
	pc 9
	memory:
		mem[ 0 ] 8454164
		mem[ 1 ] 8519697
		mem[ 2 ] 8585234
		mem[ 3 ] 8650773
		mem[ 4 ] 8716307
		mem[ 5 ] 5963779
		mem[ 6 ] 7143429
		mem[ 7 ] 7012358
		mem[ 8 ] 5963779
		mem[ 9 ] 7143429
		mem[ 10 ] 17170433
		mem[ 11 ] 1114113
		mem[ 12 ] 1179650
		mem[ 13 ] 2949125
		mem[ 14 ] 19660801
		mem[ 15 ] 16842741
		mem[ 16 ] 25165824
		mem[ 17 ] 32766
		mem[ 18 ] 12328
		mem[ 19 ] 1
		mem[ 20 ] 0
		mem[ 21 ] 32768
	registers:
		reg[ 0 ] 0
		reg[ 1 ] 1310640
		reg[ 2 ] 8388096
		reg[ 3 ] 12328
		reg[ 4 ] 32768
		reg[ 5 ] -257
		reg[ 6 ] 0
		reg[ 7 ] 0
end state

@@@
state:
	pc 10
	memory:
		mem[ 0 ] 8454164
		mem[ 1 ] 8519697
		mem[ 2 ] 8585234
		mem[ 3 ] 8650773
		mem[ 4 ] 8716307
		mem[ 5 ] 5963779
		mem[ 6 ] 7143429
		mem[ 7 ] 7012358
		mem[ 8 ] 5963779
		mem[ 9 ] 7143429
		mem[ 10 ] 17170433
		mem[ 11 ] 1114113
		mem[ 12 ] 1179650
		mem[ 13 ] 2949125
		mem[ 14 ] 19660801
		mem[ 15 ] 16842741
		mem[ 16 ] 25165824
		mem[ 17 ] 32766
		mem[ 18 ] 12328
		mem[ 19 ] 1
		mem[ 20 ] 0
		mem[ 21 ] 32768
	registers:
		reg[ 0 ] 0
		reg[ 1 ] 1310640
		reg[ 2 ] 8388096
		reg[ 3 ] 12328
		reg[ 4 ] 32768
		reg[ 5 ] 256
		reg[ 6 ] 0
		reg[ 7 ] 0
end state

@@@
state:
	pc 12
	memory:
		mem[ 0 ] 8454164
		mem[ 1 ] 8519697
		mem[ 2 ] 8585234
		mem[ 3 ] 8650773
		mem[ 4 ] 8716307
		mem[ 5 ] 5963779
		mem[ 6 ] 7143429
		mem[ 7 ] 7012358
		mem[ 8 ] 5963779
		mem[ 9 ] 7143429
		mem[ 10 ] 17170433
		mem[ 11 ] 1114113
		mem[ 12 ] 1179650
		mem[ 13 ] 2949125
		mem[ 14 ] 19660801
		mem[ 15 ] 16842741
		mem[ 16 ] 25165824
		mem[ 17 ] 32766
		mem[ 18 ] 12328
		mem[ 19 ] 1
		mem[ 20 ] 0
		mem[ 21 ] 32768
	registers:
		reg[ 0 ] 0
		reg[ 1 ] 1310640
		reg[ 2 ] 8388096
		reg[ 3 ] 12328
		reg[ 4 ] 32768
		reg[ 5 ] 256
		reg[ 6 ] 0
		reg[ 7 ] 0
end state

@@@
state:
	pc 13
	memory:
		mem[ 0 ] 8454164
		mem[ 1 ] 8519697
		mem[ 2 ] 8585234
		mem[ 3 ] 8650773
		mem[ 4 ] 8716307
		mem[ 5 ] 5963779
		mem[ 6 ] 7143429
		mem[ 7 ] 7012358
		mem[ 8 ] 5963779
		mem[ 9 ] 7143429
		mem[ 10 ] 17170433
		mem[ 11 ] 1114113
		mem[ 12 ] 1179650
		mem[ 13 ] 2949125
		mem[ 14 ] 19660801
		mem[ 15 ] 16842741
		mem[ 16 ] 25165824
		mem[ 17 ] 32766
		mem[ 18 ] 12328
		mem[ 19 ] 1
		mem[ 20 ] 0
		mem[ 21 ] 32768
	registers:
		reg[ 0 ] 0
		reg[ 1 ] 1310640
		reg[ 2 ] 16776192
		reg[ 3 ] 12328
		reg[ 4 ] 32768
		reg[ 5 ] 256
		reg[ 6 ] 0
		reg[ 7 ] 0
end state

@@@
state:
	pc 14
	memory:
		mem[ 0 ] 8454164
		mem[ 1 ] 8519697
		mem[ 2 ] 8585234
		mem[ 3 ] 8650773
		mem[ 4 ] 8716307
		mem[ 5 ] 5963779
		mem[ 6 ] 7143429
		mem[ 7 ] 7012358
		mem[ 8 ] 5963779
		mem[ 9 ] 7143429
		mem[ 10 ] 17170433
		mem[ 11 ] 1114113
		mem[ 12 ] 1179650
		mem[ 13 ] 2949125
		mem[ 14 ] 19660801
		mem[ 15 ] 16842741
		mem[ 16 ] 25165824
		mem[ 17 ] 32766
		mem[ 18 ] 12328
		mem[ 19 ] 1
		mem[ 20 ] 0
		mem[ 21 ] 32768
	registers:
		reg[ 0 ] 0
		reg[ 1 ] 1310640
		reg[ 2 ] 16776192
		reg[ 3 ] 12328
		reg[ 4 ] 32768
		reg[ 5 ] 512
		reg[ 6 ] 0
		reg[ 7 ] 0
end state

@@@
state:
	pc 15
	memory:
		mem[ 0 ] 8454164
		mem[ 1 ] 8519697
		mem[ 2 ] 8585234
		mem[ 3 ] 8650773
		mem[ 4 ] 8716307
		mem[ 5 ] 5963779
		mem[ 6 ] 7143429
		mem[ 7 ] 7012358
		mem[ 8 ] 5963779
		mem[ 9 ] 7143429
		mem[ 10 ] 17170433
		mem[ 11 ] 1114113
		mem[ 12 ] 1179650
		mem[ 13 ] 2949125
		mem[ 14 ] 19660801
		mem[ 15 ] 16842741
		mem[ 16 ] 25165824
		mem[ 17 ] 32766
		mem[ 18 ] 12328
		mem[ 19 ] 1
		mem[ 20 ] 0
		mem[ 21 ] 32768
	registers:
		reg[ 0 ] 0
		reg[ 1 ] 1310640
		reg[ 2 ] 16776192
		reg[ 3 ] 12328
		reg[ 4 ] 32768
		reg[ 5 ] 512
		reg[ 6 ] 0
		reg[ 7 ] 0
end state

@@@
state:
	pc 5
	memory:
		mem[ 0 ] 8454164
		mem[ 1 ] 8519697
		mem[ 2 ] 8585234
		mem[ 3 ] 8650773
		mem[ 4 ] 8716307
		mem[ 5 ] 5963779
		mem[ 6 ] 7143429
		mem[ 7 ] 7012358
		mem[ 8 ] 5963779
		mem[ 9 ] 7143429
		mem[ 10 ] 17170433
		mem[ 11 ] 1114113
		mem[ 12 ] 1179650
		mem[ 13 ] 2949125
		mem[ 14 ] 19660801
		mem[ 15 ] 16842741
		mem[ 16 ] 25165824
		mem[ 17 ] 32766
		mem[ 18 ] 12328
		mem[ 19 ] 1
		mem[ 20 ] 0
		mem[ 21 ] 32768
	registers:
		reg[ 0 ] 0
		reg[ 1 ] 1310640
		reg[ 2 ] 16776192
		reg[ 3 ] 12328
		reg[ 4 ] 32768
		reg[ 5 ] 512
		reg[ 6 ] 0
		reg[ 7 ] 0
end state

@@@
state:
	pc 6
	memory:
		mem[ 0 ] 8454164
		mem[ 1 ] 8519697
		mem[ 2 ] 8585234
		mem[ 3 ] 8650773
		mem[ 4 ] 8716307
		mem[ 5 ] 5963779
		mem[ 6 ] 7143429
		mem[ 7 ] 7012358
		mem[ 8 ] 5963779
		mem[ 9 ] 7143429
		mem[ 10 ] 17170433
		mem[ 11 ] 1114113
		mem[ 12 ] 1179650
		mem[ 13 ] 2949125
		mem[ 14 ] 19660801
		mem[ 15 ] 16842741
		mem[ 16 ] 25165824
		mem[ 17 ] 32766
		mem[ 18 ] 12328
		mem[ 19 ] 1
		mem[ 20 ] 0
		mem[ 21 ] 32768
	registers:
		reg[ 0 ] 0
		reg[ 1 ] 1310640
		reg[ 2 ] 16776192
		reg[ 3 ] -12329
		reg[ 4 ] 32768
		reg[ 5 ] 512
		reg[ 6 ] 0
		reg[ 7 ] 0
end state

@@@
state:
	pc 7
	memory:
		mem[ 0 ] 8454164
		mem[ 1 ] 8519697
		mem[ 2 ] 8585234
		mem[ 3 ] 8650773
		mem[ 4 ] 8716307
		mem[ 5 ] 5963779
		mem[ 6 ] 7143429
		mem[ 7 ] 7012358
		mem[ 8 ] 5963779
		mem[ 9 ] 7143429
		mem[ 10 ] 17170433
		mem[ 11 ] 1114113
		mem[ 12 ] 1179650
		mem[ 13 ] 2949125
		mem[ 14 ] 19660801
		mem[ 15 ] 16842741
		mem[ 16 ] 25165824
		mem[ 17 ] 32766
		mem[ 18 ] 12328
		mem[ 19 ] 1
		mem[ 20 ] 0
		mem[ 21 ] 32768
	registers:
		reg[ 0 ] 0
		reg[ 1 ] 1310640
		reg[ 2 ] 16776192
		reg[ 3 ] -12329
		reg[ 4 ] 32768
		reg[ 5 ] -513
		reg[ 6 ] 0
		reg[ 7 ] 0
end state

@@@
state:
	pc 8
	memory:
		mem[ 0 ] 8454164
		mem[ 1 ] 8519697
		mem[ 2 ] 8585234
		mem[ 3 ] 8650773
		mem[ 4 ] 8716307
		mem[ 5 ] 5963779
		mem[ 6 ] 7143429
		mem[ 7 ] 7012358
		mem[ 8 ] 5963779
		mem[ 9 ] 7143429
		mem[ 10 ] 17170433
		mem[ 11 ] 1114113
		mem[ 12 ] 1179650
		mem[ 13 ] 2949125
		mem[ 14 ] 19660801
		mem[ 15 ] 16842741
		mem[ 16 ] 25165824
		mem[ 17 ] 32766
		mem[ 18 ] 12328
		mem[ 19 ] 1
		mem[ 20 ] 0
		mem[ 21 ] 32768
	registers:
		reg[ 0 ] 0
		reg[ 1 ] 1310640
		reg[ 2 ] 16776192
		reg[ 3 ] -12329
		reg[ 4 ] 32768
		reg[ 5 ] -513
		reg[ 6 ] 0
		reg[ 7 ] 0
end state

@@@
state:
	pc 9
	memory:
		mem[ 0 ] 8454164
		mem[ 1 ] 8519697
		mem[ 2 ] 8585234
		mem[ 3 ] 8650773
		mem[ 4 ] 8716307
		mem[ 5 ] 5963779
		mem[ 6 ] 7143429
		mem[ 7 ] 7012358
		mem[ 8 ] 5963779
		mem[ 9 ] 7143429
		mem[ 10 ] 17170433
		mem[ 11 ] 1114113
		mem[ 12 ] 1179650
		mem[ 13 ] 2949125
		mem[ 14 ] 19660801
		mem[ 15 ] 16842741
		mem[ 16 ] 25165824
		mem[ 17 ] 32766
		mem[ 18 ] 12328
		mem[ 19 ] 1
		mem[ 20 ] 0
		mem[ 21 ] 32768
	registers:
		reg[ 0 ] 0
		reg[ 1 ] 1310640
		reg[ 2 ] 16776192
		reg[ 3 ] 12328
		reg[ 4 ] 32768
		reg[ 5 ] -513
		reg[ 6 ] 0
		reg[ 7 ] 0
end state

@@@
state:
	pc 10
	memory:
		mem[ 0 ] 8454164
		mem[ 1 ] 8519697
		mem[ 2 ] 8585234
		mem[ 3 ] 8650773
		mem[ 4 ] 8716307
		mem[ 5 ] 5963779
		mem[ 6 ] 7143429
		mem[ 7 ] 7012358
		mem[ 8 ] 5963779
		mem[ 9 ] 7143429
		mem[ 10 ] 17170433
		mem[ 11 ] 1114113
		mem[ 12 ] 1179650
		mem[ 13 ] 2949125
		mem[ 14 ] 19660801
		mem[ 15 ] 16842741
		mem[ 16 ] 25165824
		mem[ 17 ] 32766
		mem[ 18 ] 12328
		mem[ 19 ] 1
		mem[ 20 ] 0
		mem[ 21 ] 32768
	registers:
		reg[ 0 ] 0
		reg[ 1 ] 1310640
		reg[ 2 ] 16776192
		reg[ 3 ] 12328
		reg[ 4 ] 32768
		reg[ 5 ] 512
		reg[ 6 ] 0
		reg[ 7 ] 0
end state

@@@
state:
	pc 12
	memory:
		mem[ 0 ] 8454164
		mem[ 1 ] 8519697
		mem[ 2 ] 8585234
		mem[ 3 ] 8650773
		mem[ 4 ] 8716307
		mem[ 5 ] 5963779
		mem[ 6 ] 7143429
		mem[ 7 ] 7012358
		mem[ 8 ] 5963779
		mem[ 9 ] 7143429
		mem[ 10 ] 17170433
		mem[ 11 ] 1114113
		mem[ 12 ] 1179650
		mem[ 13 ] 2949125
		mem[ 14 ] 19660801
		mem[ 15 ] 16842741
		mem[ 16 ] 25165824
		mem[ 17 ] 32766
		mem[ 18 ] 12328
		mem[ 19 ] 1
		mem[ 20 ] 0
		mem[ 21 ] 32768
	registers:
		reg[ 0 ] 0
		reg[ 1 ] 1310640
		reg[ 2 ] 16776192
		reg[ 3 ] 12328
		reg[ 4 ] 32768
		reg[ 5 ] 512
		reg[ 6 ] 0
		reg[ 7 ] 0
end state

@@@
state:
	pc 13
	memory:
		mem[ 0 ] 8454164
		mem[ 1 ] 8519697
		mem[ 2 ] 8585234
		mem[ 3 ] 8650773
		mem[ 4 ] 8716307
		mem[ 5 ] 5963779
		mem[ 6 ] 7143429
		mem[ 7 ] 7012358
		mem[ 8 ] 5963779
		mem[ 9 ] 7143429
		mem[ 10 ] 17170433
		mem[ 11 ] 1114113
		mem[ 12 ] 1179650
		mem[ 13 ] 2949125
		mem[ 14 ] 19660801
		mem[ 15 ] 16842741
		mem[ 16 ] 25165824
		mem[ 17 ] 32766
		mem[ 18 ] 12328
		mem[ 19 ] 1
		mem[ 20 ] 0
		mem[ 21 ] 32768
	registers:
		reg[ 0 ] 0
		reg[ 1 ] 1310640
		reg[ 2 ] 33552384
		reg[ 3 ] 12328
		reg[ 4 ] 32768
		reg[ 5 ] 512
		reg[ 6 ] 0
		reg[ 7 ] 0
end state

@@@
state:
	pc 14
	memory:
		mem[ 0 ] 8454164
		mem[ 1 ] 8519697
		mem[ 2 ] 8585234
		mem[ 3 ] 8650773
		mem[ 4 ] 8716307
		mem[ 5 ] 5963779
		mem[ 6 ] 7143429
		mem[ 7 ] 7012358
		mem[ 8 ] 5963779
		mem[ 9 ] 7143429
		mem[ 10 ] 17170433
		mem[ 11 ] 1114113
		mem[ 12 ] 1179650
		mem[ 13 ] 2949125
		mem[ 14 ] 19660801
		mem[ 15 ] 16842741
		mem[ 16 ] 25165824
		mem[ 17 ] 32766
		mem[ 18 ] 12328
		mem[ 19 ] 1
		mem[ 20 ] 0
		mem[ 21 ] 32768
	registers:
		reg[ 0 ] 0
		reg[ 1 ] 1310640
		reg[ 2 ] 33552384
		reg[ 3 ] 12328
		reg[ 4 ] 32768
		reg[ 5 ] 1024
		reg[ 6 ] 0
		reg[ 7 ] 0
end state

@@@
state:
	pc 15
	memory:
		mem[ 0 ] 8454164
		mem[ 1 ] 8519697
		mem[ 2 ] 8585234
		mem[ 3 ] 8650773
		mem[ 4 ] 8716307
		mem[ 5 ] 5963779
		mem[ 6 ] 7143429
		mem[ 7 ] 7012358
		mem[ 8 ] 5963779
		mem[ 9 ] 7143429
		mem[ 10 ] 17170433
		mem[ 11 ] 1114113
		mem[ 12 ] 1179650
		mem[ 13 ] 2949125
		mem[ 14 ] 19660801
		mem[ 15 ] 16842741
		mem[ 16 ] 25165824
		mem[ 17 ] 32766
		mem[ 18 ] 12328
		mem[ 19 ] 1
		mem[ 20 ] 0
		mem[ 21 ] 32768
	registers:
		reg[ 0 ] 0
		reg[ 1 ] 1310640
		reg[ 2 ] 33552384
		reg[ 3 ] 12328
		reg[ 4 ] 32768
		reg[ 5 ] 1024
		reg[ 6 ] 0
		reg[ 7 ] 0
end state

@@@
state:
	pc 5
	memory:
		mem[ 0 ] 8454164
		mem[ 1 ] 8519697
		mem[ 2 ] 8585234
		mem[ 3 ] 8650773
		mem[ 4 ] 8716307
		mem[ 5 ] 5963779
		mem[ 6 ] 7143429
		mem[ 7 ] 7012358
		mem[ 8 ] 5963779
		mem[ 9 ] 7143429
		mem[ 10 ] 17170433
		mem[ 11 ] 1114113
		mem[ 12 ] 1179650
		mem[ 13 ] 2949125
		mem[ 14 ] 19660801
		mem[ 15 ] 16842741
		mem[ 16 ] 25165824
		mem[ 17 ] 32766
		mem[ 18 ] 12328
		mem[ 19 ] 1
		mem[ 20 ] 0
		mem[ 21 ] 32768
	registers:
		reg[ 0 ] 0
		reg[ 1 ] 1310640
		reg[ 2 ] 33552384
		reg[ 3 ] 12328
		reg[ 4 ] 32768
		reg[ 5 ] 1024
		reg[ 6 ] 0
		reg[ 7 ] 0
end state

@@@
state:
	pc 6
	memory:
		mem[ 0 ] 8454164
		mem[ 1 ] 8519697
		mem[ 2 ] 8585234
		mem[ 3 ] 8650773
		mem[ 4 ] 8716307
		mem[ 5 ] 5963779
		mem[ 6 ] 7143429
		mem[ 7 ] 7012358
		mem[ 8 ] 5963779
		mem[ 9 ] 7143429
		mem[ 10 ] 17170433
		mem[ 11 ] 1114113
		mem[ 12 ] 1179650
		mem[ 13 ] 2949125
		mem[ 14 ] 19660801
		mem[ 15 ] 16842741
		mem[ 16 ] 25165824
		mem[ 17 ] 32766
		mem[ 18 ] 12328
		mem[ 19 ] 1
		mem[ 20 ] 0
		mem[ 21 ] 32768
	registers:
		reg[ 0 ] 0
		reg[ 1 ] 1310640
		reg[ 2 ] 33552384
		reg[ 3 ] -12329
		reg[ 4 ] 32768
		reg[ 5 ] 1024
		reg[ 6 ] 0
		reg[ 7 ] 0
end state

@@@
state:
	pc 7
	memory:
		mem[ 0 ] 8454164
		mem[ 1 ] 8519697
		mem[ 2 ] 8585234
		mem[ 3 ] 8650773
		mem[ 4 ] 8716307
		mem[ 5 ] 5963779
		mem[ 6 ] 7143429
		mem[ 7 ] 7012358
		mem[ 8 ] 5963779
		mem[ 9 ] 7143429
		mem[ 10 ] 17170433
		mem[ 11 ] 1114113
		mem[ 12 ] 1179650
		mem[ 13 ] 2949125
		mem[ 14 ] 19660801
		mem[ 15 ] 16842741
		mem[ 16 ] 25165824
		mem[ 17 ] 32766
		mem[ 18 ] 12328
		mem[ 19 ] 1
		mem[ 20 ] 0
		mem[ 21 ] 32768
	registers:
		reg[ 0 ] 0
		reg[ 1 ] 1310640
		reg[ 2 ] 33552384
		reg[ 3 ] -12329
		reg[ 4 ] 32768
		reg[ 5 ] -1025
		reg[ 6 ] 0
		reg[ 7 ] 0
end state

@@@
state:
	pc 8
	memory:
		mem[ 0 ] 8454164
		mem[ 1 ] 8519697
		mem[ 2 ] 8585234
		mem[ 3 ] 8650773
		mem[ 4 ] 8716307
		mem[ 5 ] 5963779
		mem[ 6 ] 7143429
		mem[ 7 ] 7012358
		mem[ 8 ] 5963779
		mem[ 9 ] 7143429
		mem[ 10 ] 17170433
		mem[ 11 ] 1114113
		mem[ 12 ] 1179650
		mem[ 13 ] 2949125
		mem[ 14 ] 19660801
		mem[ 15 ] 16842741
		mem[ 16 ] 25165824
		mem[ 17 ] 32766
		mem[ 18 ] 12328
		mem[ 19 ] 1
		mem[ 20 ] 0
		mem[ 21 ] 32768
	registers:
		reg[ 0 ] 0
		reg[ 1 ] 1310640
		reg[ 2 ] 33552384
		reg[ 3 ] -12329
		reg[ 4 ] 32768
		reg[ 5 ] -1025
		reg[ 6 ] 0
		reg[ 7 ] 0
end state

@@@
state:
	pc 9
	memory:
		mem[ 0 ] 8454164
		mem[ 1 ] 8519697
		mem[ 2 ] 8585234
		mem[ 3 ] 8650773
		mem[ 4 ] 8716307
		mem[ 5 ] 5963779
		mem[ 6 ] 7143429
		mem[ 7 ] 7012358
		mem[ 8 ] 5963779
		mem[ 9 ] 7143429
		mem[ 10 ] 17170433
		mem[ 11 ] 1114113
		mem[ 12 ] 1179650
		mem[ 13 ] 2949125
		mem[ 14 ] 19660801
		mem[ 15 ] 16842741
		mem[ 16 ] 25165824
		mem[ 17 ] 32766
		mem[ 18 ] 12328
		mem[ 19 ] 1
		mem[ 20 ] 0
		mem[ 21 ] 32768
	registers:
		reg[ 0 ] 0
		reg[ 1 ] 1310640
		reg[ 2 ] 33552384
		reg[ 3 ] 12328
		reg[ 4 ] 32768
		reg[ 5 ] -1025
		reg[ 6 ] 0
		reg[ 7 ] 0
end state

@@@
state:
	pc 10
	memory:
		mem[ 0 ] 8454164
		mem[ 1 ] 8519697
		mem[ 2 ] 8585234
		mem[ 3 ] 8650773
		mem[ 4 ] 8716307
		mem[ 5 ] 5963779
		mem[ 6 ] 7143429
		mem[ 7 ] 7012358
		mem[ 8 ] 5963779
		mem[ 9 ] 7143429
		mem[ 10 ] 17170433
		mem[ 11 ] 1114113
		mem[ 12 ] 1179650
		mem[ 13 ] 2949125
		mem[ 14 ] 19660801
		mem[ 15 ] 16842741
		mem[ 16 ] 25165824
		mem[ 17 ] 32766
		mem[ 18 ] 12328
		mem[ 19 ] 1
		mem[ 20 ] 0
		mem[ 21 ] 32768
	registers:
		reg[ 0 ] 0
		reg[ 1 ] 1310640
		reg[ 2 ] 33552384
		reg[ 3 ] 12328
		reg[ 4 ] 32768
		reg[ 5 ] 1024
		reg[ 6 ] 0
		reg[ 7 ] 0
end state

@@@
state:
	pc 12
	memory:
		mem[ 0 ] 8454164
		mem[ 1 ] 8519697
		mem[ 2 ] 8585234
		mem[ 3 ] 8650773
		mem[ 4 ] 8716307
		mem[ 5 ] 5963779
		mem[ 6 ] 7143429
		mem[ 7 ] 7012358
		mem[ 8 ] 5963779
		mem[ 9 ] 7143429
		mem[ 10 ] 17170433
		mem[ 11 ] 1114113
		mem[ 12 ] 1179650
		mem[ 13 ] 2949125
		mem[ 14 ] 19660801
		mem[ 15 ] 16842741
		mem[ 16 ] 25165824
		mem[ 17 ] 32766
		mem[ 18 ] 12328
		mem[ 19 ] 1
		mem[ 20 ] 0
		mem[ 21 ] 32768
	registers:
		reg[ 0 ] 0
		reg[ 1 ] 1310640
		reg[ 2 ] 33552384
		reg[ 3 ] 12328
		reg[ 4 ] 32768
		reg[ 5 ] 1024
		reg[ 6 ] 0
		reg[ 7 ] 0
end state

@@@
state:
	pc 13
	memory:
		mem[ 0 ] 8454164
		mem[ 1 ] 8519697
		mem[ 2 ] 8585234
		mem[ 3 ] 8650773
		mem[ 4 ] 8716307
		mem[ 5 ] 5963779
		mem[ 6 ] 7143429
		mem[ 7 ] 7012358
		mem[ 8 ] 5963779
		mem[ 9 ] 7143429
		mem[ 10 ] 17170433
		mem[ 11 ] 1114113
		mem[ 12 ] 1179650
		mem[ 13 ] 2949125
		mem[ 14 ] 19660801
		mem[ 15 ] 16842741
		mem[ 16 ] 25165824
		mem[ 17 ] 32766
		mem[ 18 ] 12328
		mem[ 19 ] 1
		mem[ 20 ] 0
		mem[ 21 ] 32768
	registers:
		reg[ 0 ] 0
		reg[ 1 ] 1310640
		reg[ 2 ] 67104768
		reg[ 3 ] 12328
		reg[ 4 ] 32768
		reg[ 5 ] 1024
		reg[ 6 ] 0
		reg[ 7 ] 0
end state

@@@
state:
	pc 14
	memory:
		mem[ 0 ] 8454164
		mem[ 1 ] 8519697
		mem[ 2 ] 8585234
		mem[ 3 ] 8650773
		mem[ 4 ] 8716307
		mem[ 5 ] 5963779
		mem[ 6 ] 7143429
		mem[ 7 ] 7012358
		mem[ 8 ] 5963779
		mem[ 9 ] 7143429
		mem[ 10 ] 17170433
		mem[ 11 ] 1114113
		mem[ 12 ] 1179650
		mem[ 13 ] 2949125
		mem[ 14 ] 19660801
		mem[ 15 ] 16842741
		mem[ 16 ] 25165824
		mem[ 17 ] 32766
		mem[ 18 ] 12328
		mem[ 19 ] 1
		mem[ 20 ] 0
		mem[ 21 ] 32768
	registers:
		reg[ 0 ] 0
		reg[ 1 ] 1310640
		reg[ 2 ] 67104768
		reg[ 3 ] 12328
		reg[ 4 ] 32768
		reg[ 5 ] 2048
		reg[ 6 ] 0
		reg[ 7 ] 0
end state

@@@
state:
	pc 15
	memory:
		mem[ 0 ] 8454164
		mem[ 1 ] 8519697
		mem[ 2 ] 8585234
		mem[ 3 ] 8650773
		mem[ 4 ] 8716307
		mem[ 5 ] 5963779
		mem[ 6 ] 7143429
		mem[ 7 ] 7012358
		mem[ 8 ] 5963779
		mem[ 9 ] 7143429
		mem[ 10 ] 17170433
		mem[ 11 ] 1114113
		mem[ 12 ] 1179650
		mem[ 13 ] 2949125
		mem[ 14 ] 19660801
		mem[ 15 ] 16842741
		mem[ 16 ] 25165824
		mem[ 17 ] 32766
		mem[ 18 ] 12328
		mem[ 19 ] 1
		mem[ 20 ] 0
		mem[ 21 ] 32768
	registers:
		reg[ 0 ] 0
		reg[ 1 ] 1310640
		reg[ 2 ] 67104768
		reg[ 3 ] 12328
		reg[ 4 ] 32768
		reg[ 5 ] 2048
		reg[ 6 ] 0
		reg[ 7 ] 0
end state

@@@
state:
	pc 5
	memory:
		mem[ 0 ] 8454164
		mem[ 1 ] 8519697
		mem[ 2 ] 8585234
		mem[ 3 ] 8650773
		mem[ 4 ] 8716307
		mem[ 5 ] 5963779
		mem[ 6 ] 7143429
		mem[ 7 ] 7012358
		mem[ 8 ] 5963779
		mem[ 9 ] 7143429
		mem[ 10 ] 17170433
		mem[ 11 ] 1114113
		mem[ 12 ] 1179650
		mem[ 13 ] 2949125
		mem[ 14 ] 19660801
		mem[ 15 ] 16842741
		mem[ 16 ] 25165824
		mem[ 17 ] 32766
		mem[ 18 ] 12328
		mem[ 19 ] 1
		mem[ 20 ] 0
		mem[ 21 ] 32768
	registers:
		reg[ 0 ] 0
		reg[ 1 ] 1310640
		reg[ 2 ] 67104768
		reg[ 3 ] 12328
		reg[ 4 ] 32768
		reg[ 5 ] 2048
		reg[ 6 ] 0
		reg[ 7 ] 0
end state

@@@
state:
	pc 6
	memory:
		mem[ 0 ] 8454164
		mem[ 1 ] 8519697
		mem[ 2 ] 8585234
		mem[ 3 ] 8650773
		mem[ 4 ] 8716307
		mem[ 5 ] 5963779
		mem[ 6 ] 7143429
		mem[ 7 ] 7012358
		mem[ 8 ] 5963779
		mem[ 9 ] 7143429
		mem[ 10 ] 17170433
		mem[ 11 ] 1114113
		mem[ 12 ] 1179650
		mem[ 13 ] 2949125
		mem[ 14 ] 19660801
		mem[ 15 ] 16842741
		mem[ 16 ] 25165824
		mem[ 17 ] 32766
		mem[ 18 ] 12328
		mem[ 19 ] 1
		mem[ 20 ] 0
		mem[ 21 ] 32768
	registers:
		reg[ 0 ] 0
		reg[ 1 ] 1310640
		reg[ 2 ] 67104768
		reg[ 3 ] -12329
		reg[ 4 ] 32768
		reg[ 5 ] 2048
		reg[ 6 ] 0
		reg[ 7 ] 0
end state

@@@
state:
	pc 7
	memory:
		mem[ 0 ] 8454164
		mem[ 1 ] 8519697
		mem[ 2 ] 8585234
		mem[ 3 ] 8650773
		mem[ 4 ] 8716307
		mem[ 5 ] 5963779
		mem[ 6 ] 7143429
		mem[ 7 ] 7012358
		mem[ 8 ] 5963779
		mem[ 9 ] 7143429
		mem[ 10 ] 17170433
		mem[ 11 ] 1114113
		mem[ 12 ] 1179650
		mem[ 13 ] 2949125
		mem[ 14 ] 19660801
		mem[ 15 ] 16842741
		mem[ 16 ] 25165824
		mem[ 17 ] 32766
		mem[ 18 ] 12328
		mem[ 19 ] 1
		mem[ 20 ] 0
		mem[ 21 ] 32768
	registers:
		reg[ 0 ] 0
		reg[ 1 ] 1310640
		reg[ 2 ] 67104768
		reg[ 3 ] -12329
		reg[ 4 ] 32768
		reg[ 5 ] -2049
		reg[ 6 ] 0
		reg[ 7 ] 0
end state

@@@
state:
	pc 8
	memory:
		mem[ 0 ] 8454164
		mem[ 1 ] 8519697
		mem[ 2 ] 8585234
		mem[ 3 ] 8650773
		mem[ 4 ] 8716307
		mem[ 5 ] 5963779
		mem[ 6 ] 7143429
		mem[ 7 ] 7012358
		mem[ 8 ] 5963779
		mem[ 9 ] 7143429
		mem[ 10 ] 17170433
		mem[ 11 ] 1114113
		mem[ 12 ] 1179650
		mem[ 13 ] 2949125
		mem[ 14 ] 19660801
		mem[ 15 ] 16842741
		mem[ 16 ] 25165824
		mem[ 17 ] 32766
		mem[ 18 ] 12328
		mem[ 19 ] 1
		mem[ 20 ] 0
		mem[ 21 ] 32768
	registers:
		reg[ 0 ] 0
		reg[ 1 ] 1310640
		reg[ 2 ] 67104768
		reg[ 3 ] -12329
		reg[ 4 ] 32768
		reg[ 5 ] -2049
		reg[ 6 ] 0
		reg[ 7 ] 0
end state

@@@
state:
	pc 9
	memory:
		mem[ 0 ] 8454164
		mem[ 1 ] 8519697
		mem[ 2 ] 8585234
		mem[ 3 ] 8650773
		mem[ 4 ] 8716307
		mem[ 5 ] 5963779
		mem[ 6 ] 7143429
		mem[ 7 ] 7012358
		mem[ 8 ] 5963779
		mem[ 9 ] 7143429
		mem[ 10 ] 17170433
		mem[ 11 ] 1114113
		mem[ 12 ] 1179650
		mem[ 13 ] 2949125
		mem[ 14 ] 19660801
		mem[ 15 ] 16842741
		mem[ 16 ] 25165824
		mem[ 17 ] 32766
		mem[ 18 ] 12328
		mem[ 19 ] 1
		mem[ 20 ] 0
		mem[ 21 ] 32768
	registers:
		reg[ 0 ] 0
		reg[ 1 ] 1310640
		reg[ 2 ] 67104768
		reg[ 3 ] 12328
		reg[ 4 ] 32768
		reg[ 5 ] -2049
		reg[ 6 ] 0
		reg[ 7 ] 0
end state

@@@
state:
	pc 10
	memory:
		mem[ 0 ] 8454164
		mem[ 1 ] 8519697
		mem[ 2 ] 8585234
		mem[ 3 ] 8650773
		mem[ 4 ] 8716307
		mem[ 5 ] 5963779
		mem[ 6 ] 7143429
		mem[ 7 ] 7012358
		mem[ 8 ] 5963779
		mem[ 9 ] 7143429
		mem[ 10 ] 17170433
		mem[ 11 ] 1114113
		mem[ 12 ] 1179650
		mem[ 13 ] 2949125
		mem[ 14 ] 19660801
		mem[ 15 ] 16842741
		mem[ 16 ] 25165824
		mem[ 17 ] 32766
		mem[ 18 ] 12328
		mem[ 19 ] 1
		mem[ 20 ] 0
		mem[ 21 ] 32768
	registers:
		reg[ 0 ] 0
		reg[ 1 ] 1310640
		reg[ 2 ] 67104768
		reg[ 3 ] 12328
		reg[ 4 ] 32768
		reg[ 5 ] 2048
		reg[ 6 ] 0
		reg[ 7 ] 0
end state

@@@
state:
	pc 12
	memory:
		mem[ 0 ] 8454164
		mem[ 1 ] 8519697
		mem[ 2 ] 8585234
		mem[ 3 ] 8650773
		mem[ 4 ] 8716307
		mem[ 5 ] 5963779
		mem[ 6 ] 7143429
		mem[ 7 ] 7012358
		mem[ 8 ] 5963779
		mem[ 9 ] 7143429
		mem[ 10 ] 17170433
		mem[ 11 ] 1114113
		mem[ 12 ] 1179650
		mem[ 13 ] 2949125
		mem[ 14 ] 19660801
		mem[ 15 ] 16842741
		mem[ 16 ] 25165824
		mem[ 17 ] 32766
		mem[ 18 ] 12328
		mem[ 19 ] 1
		mem[ 20 ] 0
		mem[ 21 ] 32768
	registers:
		reg[ 0 ] 0
		reg[ 1 ] 1310640
		reg[ 2 ] 67104768
		reg[ 3 ] 12328
		reg[ 4 ] 32768
		reg[ 5 ] 2048
		reg[ 6 ] 0
		reg[ 7 ] 0
end state

@@@
state:
	pc 13
	memory:
		mem[ 0 ] 8454164
		mem[ 1 ] 8519697
		mem[ 2 ] 8585234
		mem[ 3 ] 8650773
		mem[ 4 ] 8716307
		mem[ 5 ] 5963779
		mem[ 6 ] 7143429
		mem[ 7 ] 7012358
		mem[ 8 ] 5963779
		mem[ 9 ] 7143429
		mem[ 10 ] 17170433
		mem[ 11 ] 1114113
		mem[ 12 ] 1179650
		mem[ 13 ] 2949125
		mem[ 14 ] 19660801
		mem[ 15 ] 16842741
		mem[ 16 ] 25165824
		mem[ 17 ] 32766
		mem[ 18 ] 12328
		mem[ 19 ] 1
		mem[ 20 ] 0
		mem[ 21 ] 32768
	registers:
		reg[ 0 ] 0
		reg[ 1 ] 1310640
		reg[ 2 ] 134209536
		reg[ 3 ] 12328
		reg[ 4 ] 32768
		reg[ 5 ] 2048
		reg[ 6 ] 0
		reg[ 7 ] 0
end state

@@@
state:
	pc 14
	memory:
		mem[ 0 ] 8454164
		mem[ 1 ] 8519697
		mem[ 2 ] 8585234
		mem[ 3 ] 8650773
		mem[ 4 ] 8716307
		mem[ 5 ] 5963779
		mem[ 6 ] 7143429
		mem[ 7 ] 7012358
		mem[ 8 ] 5963779
		mem[ 9 ] 7143429
		mem[ 10 ] 17170433
		mem[ 11 ] 1114113
		mem[ 12 ] 1179650
		mem[ 13 ] 2949125
		mem[ 14 ] 19660801
		mem[ 15 ] 16842741
		mem[ 16 ] 25165824
		mem[ 17 ] 32766
		mem[ 18 ] 12328
		mem[ 19 ] 1
		mem[ 20 ] 0
		mem[ 21 ] 32768
	registers:
		reg[ 0 ] 0
		reg[ 1 ] 1310640
		reg[ 2 ] 134209536
		reg[ 3 ] 12328
		reg[ 4 ] 32768
		reg[ 5 ] 4096
		reg[ 6 ] 0
		reg[ 7 ] 0
end state

@@@
state:
	pc 15
	memory:
		mem[ 0 ] 8454164
		mem[ 1 ] 8519697
		mem[ 2 ] 8585234
		mem[ 3 ] 8650773
		mem[ 4 ] 8716307
		mem[ 5 ] 5963779
		mem[ 6 ] 7143429
		mem[ 7 ] 7012358
		mem[ 8 ] 5963779
		mem[ 9 ] 7143429
		mem[ 10 ] 17170433
		mem[ 11 ] 1114113
		mem[ 12 ] 1179650
		mem[ 13 ] 2949125
		mem[ 14 ] 19660801
		mem[ 15 ] 16842741
		mem[ 16 ] 25165824
		mem[ 17 ] 32766
		mem[ 18 ] 12328
		mem[ 19 ] 1
		mem[ 20 ] 0
		mem[ 21 ] 32768
	registers:
		reg[ 0 ] 0
		reg[ 1 ] 1310640
		reg[ 2 ] 134209536
		reg[ 3 ] 12328
		reg[ 4 ] 32768
		reg[ 5 ] 4096
		reg[ 6 ] 0
		reg[ 7 ] 0
end state

@@@
state:
	pc 5
	memory:
		mem[ 0 ] 8454164
		mem[ 1 ] 8519697
		mem[ 2 ] 8585234
		mem[ 3 ] 8650773
		mem[ 4 ] 8716307
		mem[ 5 ] 5963779
		mem[ 6 ] 7143429
		mem[ 7 ] 7012358
		mem[ 8 ] 5963779
		mem[ 9 ] 7143429
		mem[ 10 ] 17170433
		mem[ 11 ] 1114113
		mem[ 12 ] 1179650
		mem[ 13 ] 2949125
		mem[ 14 ] 19660801
		mem[ 15 ] 16842741
		mem[ 16 ] 25165824
		mem[ 17 ] 32766
		mem[ 18 ] 12328
		mem[ 19 ] 1
		mem[ 20 ] 0
		mem[ 21 ] 32768
	registers:
		reg[ 0 ] 0
		reg[ 1 ] 1310640
		reg[ 2 ] 134209536
		reg[ 3 ] 12328
		reg[ 4 ] 32768
		reg[ 5 ] 4096
		reg[ 6 ] 0
		reg[ 7 ] 0
end state

@@@
state:
	pc 6
	memory:
		mem[ 0 ] 8454164
		mem[ 1 ] 8519697
		mem[ 2 ] 8585234
		mem[ 3 ] 8650773
		mem[ 4 ] 8716307
		mem[ 5 ] 5963779
		mem[ 6 ] 7143429
		mem[ 7 ] 7012358
		mem[ 8 ] 5963779
		mem[ 9 ] 7143429
		mem[ 10 ] 17170433
		mem[ 11 ] 1114113
		mem[ 12 ] 1179650
		mem[ 13 ] 2949125
		mem[ 14 ] 19660801
		mem[ 15 ] 16842741
		mem[ 16 ] 25165824
		mem[ 17 ] 32766
		mem[ 18 ] 12328
		mem[ 19 ] 1
		mem[ 20 ] 0
		mem[ 21 ] 32768
	registers:
		reg[ 0 ] 0
		reg[ 1 ] 1310640
		reg[ 2 ] 134209536
		reg[ 3 ] -12329
		reg[ 4 ] 32768
		reg[ 5 ] 4096
		reg[ 6 ] 0
		reg[ 7 ] 0
end state

@@@
state:
	pc 7
	memory:
		mem[ 0 ] 8454164
		mem[ 1 ] 8519697
		mem[ 2 ] 8585234
		mem[ 3 ] 8650773
		mem[ 4 ] 8716307
		mem[ 5 ] 5963779
		mem[ 6 ] 7143429
		mem[ 7 ] 7012358
		mem[ 8 ] 5963779
		mem[ 9 ] 7143429
		mem[ 10 ] 17170433
		mem[ 11 ] 1114113
		mem[ 12 ] 1179650
		mem[ 13 ] 2949125
		mem[ 14 ] 19660801
		mem[ 15 ] 16842741
		mem[ 16 ] 25165824
		mem[ 17 ] 32766
		mem[ 18 ] 12328
		mem[ 19 ] 1
		mem[ 20 ] 0
		mem[ 21 ] 32768
	registers:
		reg[ 0 ] 0
		reg[ 1 ] 1310640
		reg[ 2 ] 134209536
		reg[ 3 ] -12329
		reg[ 4 ] 32768
		reg[ 5 ] -4097
		reg[ 6 ] 0
		reg[ 7 ] 0
end state

@@@
state:
	pc 8
	memory:
		mem[ 0 ] 8454164
		mem[ 1 ] 8519697
		mem[ 2 ] 8585234
		mem[ 3 ] 8650773
		mem[ 4 ] 8716307
		mem[ 5 ] 5963779
		mem[ 6 ] 7143429
		mem[ 7 ] 7012358
		mem[ 8 ] 5963779
		mem[ 9 ] 7143429
		mem[ 10 ] 17170433
		mem[ 11 ] 1114113
		mem[ 12 ] 1179650
		mem[ 13 ] 2949125
		mem[ 14 ] 19660801
		mem[ 15 ] 16842741
		mem[ 16 ] 25165824
		mem[ 17 ] 32766
		mem[ 18 ] 12328
		mem[ 19 ] 1
		mem[ 20 ] 0
		mem[ 21 ] 32768
	registers:
		reg[ 0 ] 0
		reg[ 1 ] 1310640
		reg[ 2 ] 134209536
		reg[ 3 ] -12329
		reg[ 4 ] 32768
		reg[ 5 ] -4097
		reg[ 6 ] 4096
		reg[ 7 ] 0
end state

@@@
state:
	pc 9
	memory:
		mem[ 0 ] 8454164
		mem[ 1 ] 8519697
		mem[ 2 ] 8585234
		mem[ 3 ] 8650773
		mem[ 4 ] 8716307
		mem[ 5 ] 5963779
		mem[ 6 ] 7143429
		mem[ 7 ] 7012358
		mem[ 8 ] 5963779
		mem[ 9 ] 7143429
		mem[ 10 ] 17170433
		mem[ 11 ] 1114113
		mem[ 12 ] 1179650
		mem[ 13 ] 2949125
		mem[ 14 ] 19660801
		mem[ 15 ] 16842741
		mem[ 16 ] 25165824
		mem[ 17 ] 32766
		mem[ 18 ] 12328
		mem[ 19 ] 1
		mem[ 20 ] 0
		mem[ 21 ] 32768
	registers:
		reg[ 0 ] 0
		reg[ 1 ] 1310640
		reg[ 2 ] 134209536
		reg[ 3 ] 12328
		reg[ 4 ] 32768
		reg[ 5 ] -4097
		reg[ 6 ] 4096
		reg[ 7 ] 0
end state

@@@
state:
	pc 10
	memory:
		mem[ 0 ] 8454164
		mem[ 1 ] 8519697
		mem[ 2 ] 8585234
		mem[ 3 ] 8650773
		mem[ 4 ] 8716307
		mem[ 5 ] 5963779
		mem[ 6 ] 7143429
		mem[ 7 ] 7012358
		mem[ 8 ] 5963779
		mem[ 9 ] 7143429
		mem[ 10 ] 17170433
		mem[ 11 ] 1114113
		mem[ 12 ] 1179650
		mem[ 13 ] 2949125
		mem[ 14 ] 19660801
		mem[ 15 ] 16842741
		mem[ 16 ] 25165824
		mem[ 17 ] 32766
		mem[ 18 ] 12328
		mem[ 19 ] 1
		mem[ 20 ] 0
		mem[ 21 ] 32768
	registers:
		reg[ 0 ] 0
		reg[ 1 ] 1310640
		reg[ 2 ] 134209536
		reg[ 3 ] 12328
		reg[ 4 ] 32768
		reg[ 5 ] 4096
		reg[ 6 ] 4096
		reg[ 7 ] 0
end state

@@@
state:
	pc 11
	memory:
		mem[ 0 ] 8454164
		mem[ 1 ] 8519697
		mem[ 2 ] 8585234
		mem[ 3 ] 8650773
		mem[ 4 ] 8716307
		mem[ 5 ] 5963779
		mem[ 6 ] 7143429
		mem[ 7 ] 7012358
		mem[ 8 ] 5963779
		mem[ 9 ] 7143429
		mem[ 10 ] 17170433
		mem[ 11 ] 1114113
		mem[ 12 ] 1179650
		mem[ 13 ] 2949125
		mem[ 14 ] 19660801
		mem[ 15 ] 16842741
		mem[ 16 ] 25165824
		mem[ 17 ] 32766
		mem[ 18 ] 12328
		mem[ 19 ] 1
		mem[ 20 ] 0
		mem[ 21 ] 32768
	registers:
		reg[ 0 ] 0
		reg[ 1 ] 1310640
		reg[ 2 ] 134209536
		reg[ 3 ] 12328
		reg[ 4 ] 32768
		reg[ 5 ] 4096
		reg[ 6 ] 4096
		reg[ 7 ] 0
end state

@@@
state:
	pc 12
	memory:
		mem[ 0 ] 8454164
		mem[ 1 ] 8519697
		mem[ 2 ] 8585234
		mem[ 3 ] 8650773
		mem[ 4 ] 8716307
		mem[ 5 ] 5963779
		mem[ 6 ] 7143429
		mem[ 7 ] 7012358
		mem[ 8 ] 5963779
		mem[ 9 ] 7143429
		mem[ 10 ] 17170433
		mem[ 11 ] 1114113
		mem[ 12 ] 1179650
		mem[ 13 ] 2949125
		mem[ 14 ] 19660801
		mem[ 15 ] 16842741
		mem[ 16 ] 25165824
		mem[ 17 ] 32766
		mem[ 18 ] 12328
		mem[ 19 ] 1
		mem[ 20 ] 0
		mem[ 21 ] 32768
	registers:
		reg[ 0 ] 0
		reg[ 1 ] 135520176
		reg[ 2 ] 134209536
		reg[ 3 ] 12328
		reg[ 4 ] 32768
		reg[ 5 ] 4096
		reg[ 6 ] 4096
		reg[ 7 ] 0
end state

@@@
state:
	pc 13
	memory:
		mem[ 0 ] 8454164
		mem[ 1 ] 8519697
		mem[ 2 ] 8585234
		mem[ 3 ] 8650773
		mem[ 4 ] 8716307
		mem[ 5 ] 5963779
		mem[ 6 ] 7143429
		mem[ 7 ] 7012358
		mem[ 8 ] 5963779
		mem[ 9 ] 7143429
		mem[ 10 ] 17170433
		mem[ 11 ] 1114113
		mem[ 12 ] 1179650
		mem[ 13 ] 2949125
		mem[ 14 ] 19660801
		mem[ 15 ] 16842741
		mem[ 16 ] 25165824
		mem[ 17 ] 32766
		mem[ 18 ] 12328
		mem[ 19 ] 1
		mem[ 20 ] 0
		mem[ 21 ] 32768
	registers:
		reg[ 0 ] 0
		reg[ 1 ] 135520176
		reg[ 2 ] 268419072
		reg[ 3 ] 12328
		reg[ 4 ] 32768
		reg[ 5 ] 4096
		reg[ 6 ] 4096
		reg[ 7 ] 0
end state

@@@
state:
	pc 14
	memory:
		mem[ 0 ] 8454164
		mem[ 1 ] 8519697
		mem[ 2 ] 8585234
		mem[ 3 ] 8650773
		mem[ 4 ] 8716307
		mem[ 5 ] 5963779
		mem[ 6 ] 7143429
		mem[ 7 ] 7012358
		mem[ 8 ] 5963779
		mem[ 9 ] 7143429
		mem[ 10 ] 17170433
		mem[ 11 ] 1114113
		mem[ 12 ] 1179650
		mem[ 13 ] 2949125
		mem[ 14 ] 19660801
		mem[ 15 ] 16842741
		mem[ 16 ] 25165824
		mem[ 17 ] 32766
		mem[ 18 ] 12328
		mem[ 19 ] 1
		mem[ 20 ] 0
		mem[ 21 ] 32768
	registers:
		reg[ 0 ] 0
		reg[ 1 ] 135520176
		reg[ 2 ] 268419072
		reg[ 3 ] 12328
		reg[ 4 ] 32768
		reg[ 5 ] 8192
		reg[ 6 ] 4096
		reg[ 7 ] 0
end state

@@@
state:
	pc 15
	memory:
		mem[ 0 ] 8454164
		mem[ 1 ] 8519697
		mem[ 2 ] 8585234
		mem[ 3 ] 8650773
		mem[ 4 ] 8716307
		mem[ 5 ] 5963779
		mem[ 6 ] 7143429
		mem[ 7 ] 7012358
		mem[ 8 ] 5963779
		mem[ 9 ] 7143429
		mem[ 10 ] 17170433
		mem[ 11 ] 1114113
		mem[ 12 ] 1179650
		mem[ 13 ] 2949125
		mem[ 14 ] 19660801
		mem[ 15 ] 16842741
		mem[ 16 ] 25165824
		mem[ 17 ] 32766
		mem[ 18 ] 12328
		mem[ 19 ] 1
		mem[ 20 ] 0
		mem[ 21 ] 32768
	registers:
		reg[ 0 ] 0
		reg[ 1 ] 135520176
		reg[ 2 ] 268419072
		reg[ 3 ] 12328
		reg[ 4 ] 32768
		reg[ 5 ] 8192
		reg[ 6 ] 4096
		reg[ 7 ] 0
end state

@@@
state:
	pc 5
	memory:
		mem[ 0 ] 8454164
		mem[ 1 ] 8519697
		mem[ 2 ] 8585234
		mem[ 3 ] 8650773
		mem[ 4 ] 8716307
		mem[ 5 ] 5963779
		mem[ 6 ] 7143429
		mem[ 7 ] 7012358
		mem[ 8 ] 5963779
		mem[ 9 ] 7143429
		mem[ 10 ] 17170433
		mem[ 11 ] 1114113
		mem[ 12 ] 1179650
		mem[ 13 ] 2949125
		mem[ 14 ] 19660801
		mem[ 15 ] 16842741
		mem[ 16 ] 25165824
		mem[ 17 ] 32766
		mem[ 18 ] 12328
		mem[ 19 ] 1
		mem[ 20 ] 0
		mem[ 21 ] 32768
	registers:
		reg[ 0 ] 0
		reg[ 1 ] 135520176
		reg[ 2 ] 268419072
		reg[ 3 ] 12328
		reg[ 4 ] 32768
		reg[ 5 ] 8192
		reg[ 6 ] 4096
		reg[ 7 ] 0
end state

@@@
state:
	pc 6
	memory:
		mem[ 0 ] 8454164
		mem[ 1 ] 8519697
		mem[ 2 ] 8585234
		mem[ 3 ] 8650773
		mem[ 4 ] 8716307
		mem[ 5 ] 5963779
		mem[ 6 ] 7143429
		mem[ 7 ] 7012358
		mem[ 8 ] 5963779
		mem[ 9 ] 7143429
		mem[ 10 ] 17170433
		mem[ 11 ] 1114113
		mem[ 12 ] 1179650
		mem[ 13 ] 2949125
		mem[ 14 ] 19660801
		mem[ 15 ] 16842741
		mem[ 16 ] 25165824
		mem[ 17 ] 32766
		mem[ 18 ] 12328
		mem[ 19 ] 1
		mem[ 20 ] 0
		mem[ 21 ] 32768
	registers:
		reg[ 0 ] 0
		reg[ 1 ] 135520176
		reg[ 2 ] 268419072
		reg[ 3 ] -12329
		reg[ 4 ] 32768
		reg[ 5 ] 8192
		reg[ 6 ] 4096
		reg[ 7 ] 0
end state

@@@
state:
	pc 7
	memory:
		mem[ 0 ] 8454164
		mem[ 1 ] 8519697
		mem[ 2 ] 8585234
		mem[ 3 ] 8650773
		mem[ 4 ] 8716307
		mem[ 5 ] 5963779
		mem[ 6 ] 7143429
		mem[ 7 ] 7012358
		mem[ 8 ] 5963779
		mem[ 9 ] 7143429
		mem[ 10 ] 17170433
		mem[ 11 ] 1114113
		mem[ 12 ] 1179650
		mem[ 13 ] 2949125
		mem[ 14 ] 19660801
		mem[ 15 ] 16842741
		mem[ 16 ] 25165824
		mem[ 17 ] 32766
		mem[ 18 ] 12328
		mem[ 19 ] 1
		mem[ 20 ] 0
		mem[ 21 ] 32768
	registers:
		reg[ 0 ] 0
		reg[ 1 ] 135520176
		reg[ 2 ] 268419072
		reg[ 3 ] -12329
		reg[ 4 ] 32768
		reg[ 5 ] -8193
		reg[ 6 ] 4096
		reg[ 7 ] 0
end state

@@@
state:
	pc 8
	memory:
		mem[ 0 ] 8454164
		mem[ 1 ] 8519697
		mem[ 2 ] 8585234
		mem[ 3 ] 8650773
		mem[ 4 ] 8716307
		mem[ 5 ] 5963779
		mem[ 6 ] 7143429
		mem[ 7 ] 7012358
		mem[ 8 ] 5963779
		mem[ 9 ] 7143429
		mem[ 10 ] 17170433
		mem[ 11 ] 1114113
		mem[ 12 ] 1179650
		mem[ 13 ] 2949125
		mem[ 14 ] 19660801
		mem[ 15 ] 16842741
		mem[ 16 ] 25165824
		mem[ 17 ] 32766
		mem[ 18 ] 12328
		mem[ 19 ] 1
		mem[ 20 ] 0
		mem[ 21 ] 32768
	registers:
		reg[ 0 ] 0
		reg[ 1 ] 135520176
		reg[ 2 ] 268419072
		reg[ 3 ] -12329
		reg[ 4 ] 32768
		reg[ 5 ] -8193
		reg[ 6 ] 8192
		reg[ 7 ] 0
end state

@@@
state:
	pc 9
	memory:
		mem[ 0 ] 8454164
		mem[ 1 ] 8519697
		mem[ 2 ] 8585234
		mem[ 3 ] 8650773
		mem[ 4 ] 8716307
		mem[ 5 ] 5963779
		mem[ 6 ] 7143429
		mem[ 7 ] 7012358
		mem[ 8 ] 5963779
		mem[ 9 ] 7143429
		mem[ 10 ] 17170433
		mem[ 11 ] 1114113
		mem[ 12 ] 1179650
		mem[ 13 ] 2949125
		mem[ 14 ] 19660801
		mem[ 15 ] 16842741
		mem[ 16 ] 25165824
		mem[ 17 ] 32766
		mem[ 18 ] 12328
		mem[ 19 ] 1
		mem[ 20 ] 0
		mem[ 21 ] 32768
	registers:
		reg[ 0 ] 0
		reg[ 1 ] 135520176
		reg[ 2 ] 268419072
		reg[ 3 ] 12328
		reg[ 4 ] 32768
		reg[ 5 ] -8193
		reg[ 6 ] 8192
		reg[ 7 ] 0
end state

@@@
state:
	pc 10
	memory:
		mem[ 0 ] 8454164
		mem[ 1 ] 8519697
		mem[ 2 ] 8585234
		mem[ 3 ] 8650773
		mem[ 4 ] 8716307
		mem[ 5 ] 5963779
		mem[ 6 ] 7143429
		mem[ 7 ] 7012358
		mem[ 8 ] 5963779
		mem[ 9 ] 7143429
		mem[ 10 ] 17170433
		mem[ 11 ] 1114113
		mem[ 12 ] 1179650
		mem[ 13 ] 2949125
		mem[ 14 ] 19660801
		mem[ 15 ] 16842741
		mem[ 16 ] 25165824
		mem[ 17 ] 32766
		mem[ 18 ] 12328
		mem[ 19 ] 1
		mem[ 20 ] 0
		mem[ 21 ] 32768
	registers:
		reg[ 0 ] 0
		reg[ 1 ] 135520176
		reg[ 2 ] 268419072
		reg[ 3 ] 12328
		reg[ 4 ] 32768
		reg[ 5 ] 8192
		reg[ 6 ] 8192
		reg[ 7 ] 0
end state

@@@
state:
	pc 11
	memory:
		mem[ 0 ] 8454164
		mem[ 1 ] 8519697
		mem[ 2 ] 8585234
		mem[ 3 ] 8650773
		mem[ 4 ] 8716307
		mem[ 5 ] 5963779
		mem[ 6 ] 7143429
		mem[ 7 ] 7012358
		mem[ 8 ] 5963779
		mem[ 9 ] 7143429
		mem[ 10 ] 17170433
		mem[ 11 ] 1114113
		mem[ 12 ] 1179650
		mem[ 13 ] 2949125
		mem[ 14 ] 19660801
		mem[ 15 ] 16842741
		mem[ 16 ] 25165824
		mem[ 17 ] 32766
		mem[ 18 ] 12328
		mem[ 19 ] 1
		mem[ 20 ] 0
		mem[ 21 ] 32768
	registers:
		reg[ 0 ] 0
		reg[ 1 ] 135520176
		reg[ 2 ] 268419072
		reg[ 3 ] 12328
		reg[ 4 ] 32768
		reg[ 5 ] 8192
		reg[ 6 ] 8192
		reg[ 7 ] 0
end state

@@@
state:
	pc 12
	memory:
		mem[ 0 ] 8454164
		mem[ 1 ] 8519697
		mem[ 2 ] 8585234
		mem[ 3 ] 8650773
		mem[ 4 ] 8716307
		mem[ 5 ] 5963779
		mem[ 6 ] 7143429
		mem[ 7 ] 7012358
		mem[ 8 ] 5963779
		mem[ 9 ] 7143429
		mem[ 10 ] 17170433
		mem[ 11 ] 1114113
		mem[ 12 ] 1179650
		mem[ 13 ] 2949125
		mem[ 14 ] 19660801
		mem[ 15 ] 16842741
		mem[ 16 ] 25165824
		mem[ 17 ] 32766
		mem[ 18 ] 12328
		mem[ 19 ] 1
		mem[ 20 ] 0
		mem[ 21 ] 32768
	registers:
		reg[ 0 ] 0
		reg[ 1 ] 403939248
		reg[ 2 ] 268419072
		reg[ 3 ] 12328
		reg[ 4 ] 32768
		reg[ 5 ] 8192
		reg[ 6 ] 8192
		reg[ 7 ] 0
end state

@@@
state:
	pc 13
	memory:
		mem[ 0 ] 8454164
		mem[ 1 ] 8519697
		mem[ 2 ] 8585234
		mem[ 3 ] 8650773
		mem[ 4 ] 8716307
		mem[ 5 ] 5963779
		mem[ 6 ] 7143429
		mem[ 7 ] 7012358
		mem[ 8 ] 5963779
		mem[ 9 ] 7143429
		mem[ 10 ] 17170433
		mem[ 11 ] 1114113
		mem[ 12 ] 1179650
		mem[ 13 ] 2949125
		mem[ 14 ] 19660801
		mem[ 15 ] 16842741
		mem[ 16 ] 25165824
		mem[ 17 ] 32766
		mem[ 18 ] 12328
		mem[ 19 ] 1
		mem[ 20 ] 0
		mem[ 21 ] 32768
	registers:
		reg[ 0 ] 0
		reg[ 1 ] 403939248
		reg[ 2 ] 536838144
		reg[ 3 ] 12328
		reg[ 4 ] 32768
		reg[ 5 ] 8192
		reg[ 6 ] 8192
		reg[ 7 ] 0
end state

@@@
state:
	pc 14
	memory:
		mem[ 0 ] 8454164
		mem[ 1 ] 8519697
		mem[ 2 ] 8585234
		mem[ 3 ] 8650773
		mem[ 4 ] 8716307
		mem[ 5 ] 5963779
		mem[ 6 ] 7143429
		mem[ 7 ] 7012358
		mem[ 8 ] 5963779
		mem[ 9 ] 7143429
		mem[ 10 ] 17170433
		mem[ 11 ] 1114113
		mem[ 12 ] 1179650
		mem[ 13 ] 2949125
		mem[ 14 ] 19660801
		mem[ 15 ] 16842741
		mem[ 16 ] 25165824
		mem[ 17 ] 32766
		mem[ 18 ] 12328
		mem[ 19 ] 1
		mem[ 20 ] 0
		mem[ 21 ] 32768
	registers:
		reg[ 0 ] 0
		reg[ 1 ] 403939248
		reg[ 2 ] 536838144
		reg[ 3 ] 12328
		reg[ 4 ] 32768
		reg[ 5 ] 16384
		reg[ 6 ] 8192
		reg[ 7 ] 0
end state

@@@
state:
	pc 15
	memory:
		mem[ 0 ] 8454164
		mem[ 1 ] 8519697
		mem[ 2 ] 8585234
		mem[ 3 ] 8650773
		mem[ 4 ] 8716307
		mem[ 5 ] 5963779
		mem[ 6 ] 7143429
		mem[ 7 ] 7012358
		mem[ 8 ] 5963779
		mem[ 9 ] 7143429
		mem[ 10 ] 17170433
		mem[ 11 ] 1114113
		mem[ 12 ] 1179650
		mem[ 13 ] 2949125
		mem[ 14 ] 19660801
		mem[ 15 ] 16842741
		mem[ 16 ] 25165824
		mem[ 17 ] 32766
		mem[ 18 ] 12328
		mem[ 19 ] 1
		mem[ 20 ] 0
		mem[ 21 ] 32768
	registers:
		reg[ 0 ] 0
		reg[ 1 ] 403939248
		reg[ 2 ] 536838144
		reg[ 3 ] 12328
		reg[ 4 ] 32768
		reg[ 5 ] 16384
		reg[ 6 ] 8192
		reg[ 7 ] 0
end state

@@@
state:
	pc 5
	memory:
		mem[ 0 ] 8454164
		mem[ 1 ] 8519697
		mem[ 2 ] 8585234
		mem[ 3 ] 8650773
		mem[ 4 ] 8716307
		mem[ 5 ] 5963779
		mem[ 6 ] 7143429
		mem[ 7 ] 7012358
		mem[ 8 ] 5963779
		mem[ 9 ] 7143429
		mem[ 10 ] 17170433
		mem[ 11 ] 1114113
		mem[ 12 ] 1179650
		mem[ 13 ] 2949125
		mem[ 14 ] 19660801
		mem[ 15 ] 16842741
		mem[ 16 ] 25165824
		mem[ 17 ] 32766
		mem[ 18 ] 12328
		mem[ 19 ] 1
		mem[ 20 ] 0
		mem[ 21 ] 32768
	registers:
		reg[ 0 ] 0
		reg[ 1 ] 403939248
		reg[ 2 ] 536838144
		reg[ 3 ] 12328
		reg[ 4 ] 32768
		reg[ 5 ] 16384
		reg[ 6 ] 8192
		reg[ 7 ] 0
end state

@@@
state:
	pc 6
	memory:
		mem[ 0 ] 8454164
		mem[ 1 ] 8519697
		mem[ 2 ] 8585234
		mem[ 3 ] 8650773
		mem[ 4 ] 8716307
		mem[ 5 ] 5963779
		mem[ 6 ] 7143429
		mem[ 7 ] 7012358
		mem[ 8 ] 5963779
		mem[ 9 ] 7143429
		mem[ 10 ] 17170433
		mem[ 11 ] 1114113
		mem[ 12 ] 1179650
		mem[ 13 ] 2949125
		mem[ 14 ] 19660801
		mem[ 15 ] 16842741
		mem[ 16 ] 25165824
		mem[ 17 ] 32766
		mem[ 18 ] 12328
		mem[ 19 ] 1
		mem[ 20 ] 0
		mem[ 21 ] 32768
	registers:
		reg[ 0 ] 0
		reg[ 1 ] 403939248
		reg[ 2 ] 536838144
		reg[ 3 ] -12329
		reg[ 4 ] 32768
		reg[ 5 ] 16384
		reg[ 6 ] 8192
		reg[ 7 ] 0
end state

@@@
state:
	pc 7
	memory:
		mem[ 0 ] 8454164
		mem[ 1 ] 8519697
		mem[ 2 ] 8585234
		mem[ 3 ] 8650773
		mem[ 4 ] 8716307
		mem[ 5 ] 5963779
		mem[ 6 ] 7143429
		mem[ 7 ] 7012358
		mem[ 8 ] 5963779
		mem[ 9 ] 7143429
		mem[ 10 ] 17170433
		mem[ 11 ] 1114113
		mem[ 12 ] 1179650
		mem[ 13 ] 2949125
		mem[ 14 ] 19660801
		mem[ 15 ] 16842741
		mem[ 16 ] 25165824
		mem[ 17 ] 32766
		mem[ 18 ] 12328
		mem[ 19 ] 1
		mem[ 20 ] 0
		mem[ 21 ] 32768
	registers:
		reg[ 0 ] 0
		reg[ 1 ] 403939248
		reg[ 2 ] 536838144
		reg[ 3 ] -12329
		reg[ 4 ] 32768
		reg[ 5 ] -16385
		reg[ 6 ] 8192
		reg[ 7 ] 0
end state

@@@
state:
	pc 8
	memory:
		mem[ 0 ] 8454164
		mem[ 1 ] 8519697
		mem[ 2 ] 8585234
		mem[ 3 ] 8650773
		mem[ 4 ] 8716307
		mem[ 5 ] 5963779
		mem[ 6 ] 7143429
		mem[ 7 ] 7012358
		mem[ 8 ] 5963779
		mem[ 9 ] 7143429
		mem[ 10 ] 17170433
		mem[ 11 ] 1114113
		mem[ 12 ] 1179650
		mem[ 13 ] 2949125
		mem[ 14 ] 19660801
		mem[ 15 ] 16842741
		mem[ 16 ] 25165824
		mem[ 17 ] 32766
		mem[ 18 ] 12328
		mem[ 19 ] 1
		mem[ 20 ] 0
		mem[ 21 ] 32768
	registers:
		reg[ 0 ] 0
		reg[ 1 ] 403939248
		reg[ 2 ] 536838144
		reg[ 3 ] -12329
		reg[ 4 ] 32768
		reg[ 5 ] -16385
		reg[ 6 ] 0
		reg[ 7 ] 0
end state

@@@
state:
	pc 9
	memory:
		mem[ 0 ] 8454164
		mem[ 1 ] 8519697
		mem[ 2 ] 8585234
		mem[ 3 ] 8650773
		mem[ 4 ] 8716307
		mem[ 5 ] 5963779
		mem[ 6 ] 7143429
		mem[ 7 ] 7012358
		mem[ 8 ] 5963779
		mem[ 9 ] 7143429
		mem[ 10 ] 17170433
		mem[ 11 ] 1114113
		mem[ 12 ] 1179650
		mem[ 13 ] 2949125
		mem[ 14 ] 19660801
		mem[ 15 ] 16842741
		mem[ 16 ] 25165824
		mem[ 17 ] 32766
		mem[ 18 ] 12328
		mem[ 19 ] 1
		mem[ 20 ] 0
		mem[ 21 ] 32768
	registers:
		reg[ 0 ] 0
		reg[ 1 ] 403939248
		reg[ 2 ] 536838144
		reg[ 3 ] 12328
		reg[ 4 ] 32768
		reg[ 5 ] -16385
		reg[ 6 ] 0
		reg[ 7 ] 0
end state

@@@
state:
	pc 10
	memory:
		mem[ 0 ] 8454164
		mem[ 1 ] 8519697
		mem[ 2 ] 8585234
		mem[ 3 ] 8650773
		mem[ 4 ] 8716307
		mem[ 5 ] 5963779
		mem[ 6 ] 7143429
		mem[ 7 ] 7012358
		mem[ 8 ] 5963779
		mem[ 9 ] 7143429
		mem[ 10 ] 17170433
		mem[ 11 ] 1114113
		mem[ 12 ] 1179650
		mem[ 13 ] 2949125
		mem[ 14 ] 19660801
		mem[ 15 ] 16842741
		mem[ 16 ] 25165824
		mem[ 17 ] 32766
		mem[ 18 ] 12328
		mem[ 19 ] 1
		mem[ 20 ] 0
		mem[ 21 ] 32768
	registers:
		reg[ 0 ] 0
		reg[ 1 ] 403939248
		reg[ 2 ] 536838144
		reg[ 3 ] 12328
		reg[ 4 ] 32768
		reg[ 5 ] 16384
		reg[ 6 ] 0
		reg[ 7 ] 0
end state

@@@
state:
	pc 12
	memory:
		mem[ 0 ] 8454164
		mem[ 1 ] 8519697
		mem[ 2 ] 8585234
		mem[ 3 ] 8650773
		mem[ 4 ] 8716307
		mem[ 5 ] 5963779
		mem[ 6 ] 7143429
		mem[ 7 ] 7012358
		mem[ 8 ] 5963779
		mem[ 9 ] 7143429
		mem[ 10 ] 17170433
		mem[ 11 ] 1114113
		mem[ 12 ] 1179650
		mem[ 13 ] 2949125
		mem[ 14 ] 19660801
		mem[ 15 ] 16842741
		mem[ 16 ] 25165824
		mem[ 17 ] 32766
		mem[ 18 ] 12328
		mem[ 19 ] 1
		mem[ 20 ] 0
		mem[ 21 ] 32768
	registers:
		reg[ 0 ] 0
		reg[ 1 ] 403939248
		reg[ 2 ] 536838144
		reg[ 3 ] 12328
		reg[ 4 ] 32768
		reg[ 5 ] 16384
		reg[ 6 ] 0
		reg[ 7 ] 0
end state

@@@
state:
	pc 13
	memory:
		mem[ 0 ] 8454164
		mem[ 1 ] 8519697
		mem[ 2 ] 8585234
		mem[ 3 ] 8650773
		mem[ 4 ] 8716307
		mem[ 5 ] 5963779
		mem[ 6 ] 7143429
		mem[ 7 ] 7012358
		mem[ 8 ] 5963779
		mem[ 9 ] 7143429
		mem[ 10 ] 17170433
		mem[ 11 ] 1114113
		mem[ 12 ] 1179650
		mem[ 13 ] 2949125
		mem[ 14 ] 19660801
		mem[ 15 ] 16842741
		mem[ 16 ] 25165824
		mem[ 17 ] 32766
		mem[ 18 ] 12328
		mem[ 19 ] 1
		mem[ 20 ] 0
		mem[ 21 ] 32768
	registers:
		reg[ 0 ] 0
		reg[ 1 ] 403939248
		reg[ 2 ] 1073676288
		reg[ 3 ] 12328
		reg[ 4 ] 32768
		reg[ 5 ] 16384
		reg[ 6 ] 0
		reg[ 7 ] 0
end state

@@@
state:
	pc 14
	memory:
		mem[ 0 ] 8454164
		mem[ 1 ] 8519697
		mem[ 2 ] 8585234
		mem[ 3 ] 8650773
		mem[ 4 ] 8716307
		mem[ 5 ] 5963779
		mem[ 6 ] 7143429
		mem[ 7 ] 7012358
		mem[ 8 ] 5963779
		mem[ 9 ] 7143429
		mem[ 10 ] 17170433
		mem[ 11 ] 1114113
		mem[ 12 ] 1179650
		mem[ 13 ] 2949125
		mem[ 14 ] 19660801
		mem[ 15 ] 16842741
		mem[ 16 ] 25165824
		mem[ 17 ] 32766
		mem[ 18 ] 12328
		mem[ 19 ] 1
		mem[ 20 ] 0
		mem[ 21 ] 32768
	registers:
		reg[ 0 ] 0
		reg[ 1 ] 403939248
		reg[ 2 ] 1073676288
		reg[ 3 ] 12328
		reg[ 4 ] 32768
		reg[ 5 ] 32768
		reg[ 6 ] 0
		reg[ 7 ] 0
end state

@@@
state:
	pc 16
	memory:
		mem[ 0 ] 8454164
		mem[ 1 ] 8519697
		mem[ 2 ] 8585234
		mem[ 3 ] 8650773
		mem[ 4 ] 8716307
		mem[ 5 ] 5963779
		mem[ 6 ] 7143429
		mem[ 7 ] 7012358
		mem[ 8 ] 5963779
		mem[ 9 ] 7143429
		mem[ 10 ] 17170433
		mem[ 11 ] 1114113
		mem[ 12 ] 1179650
		mem[ 13 ] 2949125
		mem[ 14 ] 19660801
		mem[ 15 ] 16842741
		mem[ 16 ] 25165824
		mem[ 17 ] 32766
		mem[ 18 ] 12328
		mem[ 19 ] 1
		mem[ 20 ] 0
		mem[ 21 ] 32768
	registers:
		reg[ 0 ] 0
		reg[ 1 ] 403939248
		reg[ 2 ] 1073676288
		reg[ 3 ] 12328
		reg[ 4 ] 32768
		reg[ 5 ] 32768
		reg[ 6 ] 0
		reg[ 7 ] 0
end state
machine halted
total of 159 instructions executed
final state of machine:

@@@
state:
	pc 17
	memory:
		mem[ 0 ] 8454164
		mem[ 1 ] 8519697
		mem[ 2 ] 8585234
		mem[ 3 ] 8650773
		mem[ 4 ] 8716307
		mem[ 5 ] 5963779
		mem[ 6 ] 7143429
		mem[ 7 ] 7012358
		mem[ 8 ] 5963779
		mem[ 9 ] 7143429
		mem[ 10 ] 17170433
		mem[ 11 ] 1114113
		mem[ 12 ] 1179650
		mem[ 13 ] 2949125
		mem[ 14 ] 19660801
		mem[ 15 ] 16842741
		mem[ 16 ] 25165824
		mem[ 17 ] 32766
		mem[ 18 ] 12328
		mem[ 19 ] 1
		mem[ 20 ] 0
		mem[ 21 ] 32768
	registers:
		reg[ 0 ] 0
		reg[ 1 ] 403939248
		reg[ 2 ] 1073676288
		reg[ 3 ] 12328
		reg[ 4 ] 32768
		reg[ 5 ] 32768
		reg[ 6 ] 0
		reg[ 7 ] 0
end state
